[1] 230


1
/links/groups/borgwardt/Data/maldi_repetitions/sa_ec/usb_ec_sa_spectra/00d7e26c-1ddc-4c90-9a53-bfdabf233e50/0a110a15-6f38-46db-bbc3-6ced545ba32c/0_C10/1/1SLin/fid
[1] "0a110a15-6f38-46db-bbc3-6ced545ba32c"
[1] "/links/groups/borgwardt/Data/DRIAMS/DRIAMS-E/raw/2019/0a110a15-6f38-46db-bbc3-6ced545ba32c.txt"


2
/links/groups/borgwardt/Data/maldi_repetitions/sa_ec/usb_ec_sa_spectra/00d7e26c-1ddc-4c90-9a53-bfdabf233e50/1520ea8f-7f8b-414a-aefb-81a261e52b65/0_C9/1/1SLin/fid
[1] "1520ea8f-7f8b-414a-aefb-81a261e52b65"
[1] "/links/groups/borgwardt/Data/DRIAMS/DRIAMS-E/raw/2019/1520ea8f-7f8b-414a-aefb-81a261e52b65.txt"


3
/links/groups/borgwardt/Data/maldi_repetitions/sa_ec/usb_ec_sa_spectra/00d7e26c-1ddc-4c90-9a53-bfdabf233e50/18d33dc8-e35f-4358-bd19-c1c365e8bd1c/0_C5/1/1SLin/fid
[1] "18d33dc8-e35f-4358-bd19-c1c365e8bd1c"
[1] "/links/groups/borgwardt/Data/DRIAMS/DRIAMS-E/raw/2019/18d33dc8-e35f-4358-bd19-c1c365e8bd1c.txt"


4
/links/groups/borgwardt/Data/maldi_repetitions/sa_ec/usb_ec_sa_spectra/00d7e26c-1ddc-4c90-9a53-bfdabf233e50/20d4b2a9-e25a-4af8-a0a1-6fe2ad3861ed/0_A11/1/1SLin/fid
[1] "20d4b2a9-e25a-4af8-a0a1-6fe2ad3861ed"
[1] "/links/groups/borgwardt/Data/DRIAMS/DRIAMS-E/raw/2019/20d4b2a9-e25a-4af8-a0a1-6fe2ad3861ed.txt"


5
/links/groups/borgwardt/Data/maldi_repetitions/sa_ec/usb_ec_sa_spectra/00d7e26c-1ddc-4c90-9a53-bfdabf233e50/22d37ed6-eb08-4334-b04d-e1527c222243/0_B2/1/1SLin/fid
[1] "22d37ed6-eb08-4334-b04d-e1527c222243"
[1] "/links/groups/borgwardt/Data/DRIAMS/DRIAMS-E/raw/2019/22d37ed6-eb08-4334-b04d-e1527c222243.txt"


6
/links/groups/borgwardt/Data/maldi_repetitions/sa_ec/usb_ec_sa_spectra/00d7e26c-1ddc-4c90-9a53-bfdabf233e50/25b7bbe7-101a-498e-a67b-fdd21cc8e2c9/0_B10/1/1SLin/fid
[1] "25b7bbe7-101a-498e-a67b-fdd21cc8e2c9"
[1] "/links/groups/borgwardt/Data/DRIAMS/DRIAMS-E/raw/2019/25b7bbe7-101a-498e-a67b-fdd21cc8e2c9.txt"


7
/links/groups/borgwardt/Data/maldi_repetitions/sa_ec/usb_ec_sa_spectra/00d7e26c-1ddc-4c90-9a53-bfdabf233e50/352b685a-d1d1-4ec2-960f-e8be9e84c466/0_A8/1/1SLin/fid
[1] "352b685a-d1d1-4ec2-960f-e8be9e84c466"
[1] "/links/groups/borgwardt/Data/DRIAMS/DRIAMS-E/raw/2019/352b685a-d1d1-4ec2-960f-e8be9e84c466.txt"


8
/links/groups/borgwardt/Data/maldi_repetitions/sa_ec/usb_ec_sa_spectra/00d7e26c-1ddc-4c90-9a53-bfdabf233e50/393405b0-d47f-48c6-b55a-f39a1b1fb5b0/0_C2/1/1SLin/fid
[1] "393405b0-d47f-48c6-b55a-f39a1b1fb5b0"
[1] "/links/groups/borgwardt/Data/DRIAMS/DRIAMS-E/raw/2019/393405b0-d47f-48c6-b55a-f39a1b1fb5b0.txt"


9
/links/groups/borgwardt/Data/maldi_repetitions/sa_ec/usb_ec_sa_spectra/00d7e26c-1ddc-4c90-9a53-bfdabf233e50/3f663cb9-beb5-4e67-a86e-2642b10afa11/0_A6/1/1SLin/fid
[1] "3f663cb9-beb5-4e67-a86e-2642b10afa11"
[1] "/links/groups/borgwardt/Data/DRIAMS/DRIAMS-E/raw/2019/3f663cb9-beb5-4e67-a86e-2642b10afa11.txt"


10
/links/groups/borgwardt/Data/maldi_repetitions/sa_ec/usb_ec_sa_spectra/00d7e26c-1ddc-4c90-9a53-bfdabf233e50/400b2a11-0dcf-49d3-895c-c0c0e871c1c3/0_B3/1/1SLin/fid
[1] "400b2a11-0dcf-49d3-895c-c0c0e871c1c3"
[1] "/links/groups/borgwardt/Data/DRIAMS/DRIAMS-E/raw/2019/400b2a11-0dcf-49d3-895c-c0c0e871c1c3.txt"


11
/links/groups/borgwardt/Data/maldi_repetitions/sa_ec/usb_ec_sa_spectra/00d7e26c-1ddc-4c90-9a53-bfdabf233e50/4ec30a81-94d4-4bf6-8d8b-c1b3f0fca52c/0_D1/1/1SLin/fid
[1] "4ec30a81-94d4-4bf6-8d8b-c1b3f0fca52c"
[1] "/links/groups/borgwardt/Data/DRIAMS/DRIAMS-E/raw/2019/4ec30a81-94d4-4bf6-8d8b-c1b3f0fca52c.txt"


12
/links/groups/borgwardt/Data/maldi_repetitions/sa_ec/usb_ec_sa_spectra/00d7e26c-1ddc-4c90-9a53-bfdabf233e50/55353277-7065-431f-9828-8113c8776526/0_C11/1/1SLin/fid
[1] "55353277-7065-431f-9828-8113c8776526"
[1] "/links/groups/borgwardt/Data/DRIAMS/DRIAMS-E/raw/2019/55353277-7065-431f-9828-8113c8776526.txt"


13
/links/groups/borgwardt/Data/maldi_repetitions/sa_ec/usb_ec_sa_spectra/00d7e26c-1ddc-4c90-9a53-bfdabf233e50/5867686e-b1cb-4bf0-93bf-8aac4dafcaca/0_B7/1/1SLin/fid
[1] "5867686e-b1cb-4bf0-93bf-8aac4dafcaca"
[1] "/links/groups/borgwardt/Data/DRIAMS/DRIAMS-E/raw/2019/5867686e-b1cb-4bf0-93bf-8aac4dafcaca.txt"


14
/links/groups/borgwardt/Data/maldi_repetitions/sa_ec/usb_ec_sa_spectra/00d7e26c-1ddc-4c90-9a53-bfdabf233e50/605b8b12-e69d-4938-a4fc-ae6207a95e23/0_A2/1/1SLin/fid
[1] "605b8b12-e69d-4938-a4fc-ae6207a95e23"
[1] "/links/groups/borgwardt/Data/DRIAMS/DRIAMS-E/raw/2019/605b8b12-e69d-4938-a4fc-ae6207a95e23.txt"


15
/links/groups/borgwardt/Data/maldi_repetitions/sa_ec/usb_ec_sa_spectra/00d7e26c-1ddc-4c90-9a53-bfdabf233e50/65fe56f4-1ba2-427b-826c-f5ad57e385c0/0_C3/1/1SLin/fid
[1] "65fe56f4-1ba2-427b-826c-f5ad57e385c0"
[1] "/links/groups/borgwardt/Data/DRIAMS/DRIAMS-E/raw/2019/65fe56f4-1ba2-427b-826c-f5ad57e385c0.txt"


16
/links/groups/borgwardt/Data/maldi_repetitions/sa_ec/usb_ec_sa_spectra/00d7e26c-1ddc-4c90-9a53-bfdabf233e50/6bd800fe-b1e5-4ae4-b5ce-aea6d6d39ede/0_B4/1/1SLin/fid
[1] "6bd800fe-b1e5-4ae4-b5ce-aea6d6d39ede"
[1] "/links/groups/borgwardt/Data/DRIAMS/DRIAMS-E/raw/2019/6bd800fe-b1e5-4ae4-b5ce-aea6d6d39ede.txt"


17
/links/groups/borgwardt/Data/maldi_repetitions/sa_ec/usb_ec_sa_spectra/00d7e26c-1ddc-4c90-9a53-bfdabf233e50/6cd13f9b-73b0-47e2-a731-1f04d3983c3f/0_A3/1/1SLin/fid
[1] "6cd13f9b-73b0-47e2-a731-1f04d3983c3f"
[1] "/links/groups/borgwardt/Data/DRIAMS/DRIAMS-E/raw/2019/6cd13f9b-73b0-47e2-a731-1f04d3983c3f.txt"


18
/links/groups/borgwardt/Data/maldi_repetitions/sa_ec/usb_ec_sa_spectra/00d7e26c-1ddc-4c90-9a53-bfdabf233e50/6ed89d5d-97ff-45b4-a9e3-9e482f338662/0_D2/1/1SLin/fid
[1] "6ed89d5d-97ff-45b4-a9e3-9e482f338662"
[1] "/links/groups/borgwardt/Data/DRIAMS/DRIAMS-E/raw/2019/6ed89d5d-97ff-45b4-a9e3-9e482f338662.txt"


19
/links/groups/borgwardt/Data/maldi_repetitions/sa_ec/usb_ec_sa_spectra/00d7e26c-1ddc-4c90-9a53-bfdabf233e50/7c5258fa-eb8b-47da-80d9-046724071595/0_B6/1/1SLin/fid
[1] "7c5258fa-eb8b-47da-80d9-046724071595"
[1] "/links/groups/borgwardt/Data/DRIAMS/DRIAMS-E/raw/2019/7c5258fa-eb8b-47da-80d9-046724071595.txt"


20
/links/groups/borgwardt/Data/maldi_repetitions/sa_ec/usb_ec_sa_spectra/00d7e26c-1ddc-4c90-9a53-bfdabf233e50/815eddc3-78d8-4370-91df-184285c9993b/0_A10/1/1SLin/fid
[1] "815eddc3-78d8-4370-91df-184285c9993b"
[1] "/links/groups/borgwardt/Data/DRIAMS/DRIAMS-E/raw/2019/815eddc3-78d8-4370-91df-184285c9993b.txt"


21
/links/groups/borgwardt/Data/maldi_repetitions/sa_ec/usb_ec_sa_spectra/00d7e26c-1ddc-4c90-9a53-bfdabf233e50/82680a02-221b-46bb-98f6-15ebf9e9d592/0_A7/1/1SLin/fid
[1] "82680a02-221b-46bb-98f6-15ebf9e9d592"
[1] "/links/groups/borgwardt/Data/DRIAMS/DRIAMS-E/raw/2019/82680a02-221b-46bb-98f6-15ebf9e9d592.txt"


22
/links/groups/borgwardt/Data/maldi_repetitions/sa_ec/usb_ec_sa_spectra/00d7e26c-1ddc-4c90-9a53-bfdabf233e50/8974bec5-8c59-4446-8939-c1dd6b649d9a/0_C4/1/1SLin/fid
[1] "8974bec5-8c59-4446-8939-c1dd6b649d9a"
[1] "/links/groups/borgwardt/Data/DRIAMS/DRIAMS-E/raw/2019/8974bec5-8c59-4446-8939-c1dd6b649d9a.txt"


23
/links/groups/borgwardt/Data/maldi_repetitions/sa_ec/usb_ec_sa_spectra/00d7e26c-1ddc-4c90-9a53-bfdabf233e50/905487d8-32df-4e65-80b9-ef6e4a8dda75/0_B12/1/1SLin/fid
[1] "905487d8-32df-4e65-80b9-ef6e4a8dda75"
[1] "/links/groups/borgwardt/Data/DRIAMS/DRIAMS-E/raw/2019/905487d8-32df-4e65-80b9-ef6e4a8dda75.txt"


24
/links/groups/borgwardt/Data/maldi_repetitions/sa_ec/usb_ec_sa_spectra/00d7e26c-1ddc-4c90-9a53-bfdabf233e50/9cc91d4f-7c86-4668-afbe-6ae45ae802cf/0_C6/1/1SLin/fid
[1] "9cc91d4f-7c86-4668-afbe-6ae45ae802cf"
[1] "/links/groups/borgwardt/Data/DRIAMS/DRIAMS-E/raw/2019/9cc91d4f-7c86-4668-afbe-6ae45ae802cf.txt"


25
/links/groups/borgwardt/Data/maldi_repetitions/sa_ec/usb_ec_sa_spectra/00d7e26c-1ddc-4c90-9a53-bfdabf233e50/a8980e28-6e3a-4f5f-93f0-75242b4d1f7f/0_C12/1/1SLin/fid
[1] "a8980e28-6e3a-4f5f-93f0-75242b4d1f7f"
[1] "/links/groups/borgwardt/Data/DRIAMS/DRIAMS-E/raw/2019/a8980e28-6e3a-4f5f-93f0-75242b4d1f7f.txt"


26
/links/groups/borgwardt/Data/maldi_repetitions/sa_ec/usb_ec_sa_spectra/00d7e26c-1ddc-4c90-9a53-bfdabf233e50/afd9049f-3aeb-4d29-b4af-979ce509d974/0_C1/1/1SLin/fid
[1] "afd9049f-3aeb-4d29-b4af-979ce509d974"
[1] "/links/groups/borgwardt/Data/DRIAMS/DRIAMS-E/raw/2019/afd9049f-3aeb-4d29-b4af-979ce509d974.txt"


27
/links/groups/borgwardt/Data/maldi_repetitions/sa_ec/usb_ec_sa_spectra/00d7e26c-1ddc-4c90-9a53-bfdabf233e50/b25238f2-c4c3-4f02-9bea-ca2067ed8e99/0_B8/1/1SLin/fid
[1] "b25238f2-c4c3-4f02-9bea-ca2067ed8e99"
[1] "/links/groups/borgwardt/Data/DRIAMS/DRIAMS-E/raw/2019/b25238f2-c4c3-4f02-9bea-ca2067ed8e99.txt"


28
/links/groups/borgwardt/Data/maldi_repetitions/sa_ec/usb_ec_sa_spectra/00d7e26c-1ddc-4c90-9a53-bfdabf233e50/b3f9b7ba-08d4-48df-9aa3-e4865c2f3334/0_A1/1/1SLin/fid
[1] "b3f9b7ba-08d4-48df-9aa3-e4865c2f3334"
[1] "/links/groups/borgwardt/Data/DRIAMS/DRIAMS-E/raw/2019/b3f9b7ba-08d4-48df-9aa3-e4865c2f3334.txt"


29
/links/groups/borgwardt/Data/maldi_repetitions/sa_ec/usb_ec_sa_spectra/00d7e26c-1ddc-4c90-9a53-bfdabf233e50/b75a465f-03bf-4329-a87a-8320364a89ac/0_A4/1/1SLin/fid
[1] "b75a465f-03bf-4329-a87a-8320364a89ac"
[1] "/links/groups/borgwardt/Data/DRIAMS/DRIAMS-E/raw/2019/b75a465f-03bf-4329-a87a-8320364a89ac.txt"


30
/links/groups/borgwardt/Data/maldi_repetitions/sa_ec/usb_ec_sa_spectra/00d7e26c-1ddc-4c90-9a53-bfdabf233e50/b8328ac4-b5c6-4cfd-a868-a4b44ef042a7/0_D3/1/1SLin/fid
[1] "b8328ac4-b5c6-4cfd-a868-a4b44ef042a7"
[1] "/links/groups/borgwardt/Data/DRIAMS/DRIAMS-E/raw/2019/b8328ac4-b5c6-4cfd-a868-a4b44ef042a7.txt"


31
/links/groups/borgwardt/Data/maldi_repetitions/sa_ec/usb_ec_sa_spectra/00d7e26c-1ddc-4c90-9a53-bfdabf233e50/c7f76f2c-a02f-44c4-a70b-a7dcb72eb26f/0_B1/1/1SLin/fid
[1] "c7f76f2c-a02f-44c4-a70b-a7dcb72eb26f"
[1] "/links/groups/borgwardt/Data/DRIAMS/DRIAMS-E/raw/2019/c7f76f2c-a02f-44c4-a70b-a7dcb72eb26f.txt"


32
/links/groups/borgwardt/Data/maldi_repetitions/sa_ec/usb_ec_sa_spectra/00d7e26c-1ddc-4c90-9a53-bfdabf233e50/d2875f2a-ddb9-46f9-85dd-afc1f7f50765/0_B9/1/1SLin/fid
[1] "d2875f2a-ddb9-46f9-85dd-afc1f7f50765"
[1] "/links/groups/borgwardt/Data/DRIAMS/DRIAMS-E/raw/2019/d2875f2a-ddb9-46f9-85dd-afc1f7f50765.txt"


33
/links/groups/borgwardt/Data/maldi_repetitions/sa_ec/usb_ec_sa_spectra/00d7e26c-1ddc-4c90-9a53-bfdabf233e50/d798da78-d921-4c70-b552-82d9c72f6232/0_A9/1/1SLin/fid
[1] "d798da78-d921-4c70-b552-82d9c72f6232"
[1] "/links/groups/borgwardt/Data/DRIAMS/DRIAMS-E/raw/2019/d798da78-d921-4c70-b552-82d9c72f6232.txt"


34
/links/groups/borgwardt/Data/maldi_repetitions/sa_ec/usb_ec_sa_spectra/00d7e26c-1ddc-4c90-9a53-bfdabf233e50/dc00a223-8fe0-43b3-ae92-f150997c475d/0_C7/1/1SLin/fid
[1] "dc00a223-8fe0-43b3-ae92-f150997c475d"
[1] "/links/groups/borgwardt/Data/DRIAMS/DRIAMS-E/raw/2019/dc00a223-8fe0-43b3-ae92-f150997c475d.txt"


35
/links/groups/borgwardt/Data/maldi_repetitions/sa_ec/usb_ec_sa_spectra/00d7e26c-1ddc-4c90-9a53-bfdabf233e50/e3f3aae7-9dbf-4834-96fd-909b0f865801/0_A5/1/1SLin/fid
[1] "e3f3aae7-9dbf-4834-96fd-909b0f865801"
[1] "/links/groups/borgwardt/Data/DRIAMS/DRIAMS-E/raw/2019/e3f3aae7-9dbf-4834-96fd-909b0f865801.txt"


36
/links/groups/borgwardt/Data/maldi_repetitions/sa_ec/usb_ec_sa_spectra/00d7e26c-1ddc-4c90-9a53-bfdabf233e50/ef4c85c7-903d-466e-bb45-515015162a83/0_C8/1/1SLin/fid
[1] "ef4c85c7-903d-466e-bb45-515015162a83"
[1] "/links/groups/borgwardt/Data/DRIAMS/DRIAMS-E/raw/2019/ef4c85c7-903d-466e-bb45-515015162a83.txt"


37
/links/groups/borgwardt/Data/maldi_repetitions/sa_ec/usb_ec_sa_spectra/00d7e26c-1ddc-4c90-9a53-bfdabf233e50/f2e0e035-a506-4b06-b2df-273e54d1cb6c/0_B11/1/1SLin/fid
[1] "f2e0e035-a506-4b06-b2df-273e54d1cb6c"
[1] "/links/groups/borgwardt/Data/DRIAMS/DRIAMS-E/raw/2019/f2e0e035-a506-4b06-b2df-273e54d1cb6c.txt"


38
/links/groups/borgwardt/Data/maldi_repetitions/sa_ec/usb_ec_sa_spectra/00d7e26c-1ddc-4c90-9a53-bfdabf233e50/faf638ef-8799-40eb-9e69-9e081623561b/0_A12/1/1SLin/fid
[1] "faf638ef-8799-40eb-9e69-9e081623561b"
[1] "/links/groups/borgwardt/Data/DRIAMS/DRIAMS-E/raw/2019/faf638ef-8799-40eb-9e69-9e081623561b.txt"


39
/links/groups/borgwardt/Data/maldi_repetitions/sa_ec/usb_ec_sa_spectra/00d7e26c-1ddc-4c90-9a53-bfdabf233e50/fd60b38e-84d5-4697-b130-711d3680d4e9/0_B5/1/1SLin/fid
[1] "fd60b38e-84d5-4697-b130-711d3680d4e9"
[1] "/links/groups/borgwardt/Data/DRIAMS/DRIAMS-E/raw/2019/fd60b38e-84d5-4697-b130-711d3680d4e9.txt"


40
/links/groups/borgwardt/Data/maldi_repetitions/sa_ec/usb_ec_sa_spectra/5d1ecebf-b4f1-4dc3-a77e-6de51a3117ab/115b4058-f6d3-44f2-ac5e-7af307bee2e6/0_B8/1/1SLin/fid
[1] "115b4058-f6d3-44f2-ac5e-7af307bee2e6"
[1] "/links/groups/borgwardt/Data/DRIAMS/DRIAMS-E/raw/2019/115b4058-f6d3-44f2-ac5e-7af307bee2e6.txt"


41
/links/groups/borgwardt/Data/maldi_repetitions/sa_ec/usb_ec_sa_spectra/5d1ecebf-b4f1-4dc3-a77e-6de51a3117ab/19459b3c-205b-4e2d-8527-8f1e0141e056/0_A8/1/1SLin/fid
[1] "19459b3c-205b-4e2d-8527-8f1e0141e056"
[1] "/links/groups/borgwardt/Data/DRIAMS/DRIAMS-E/raw/2019/19459b3c-205b-4e2d-8527-8f1e0141e056.txt"


42
/links/groups/borgwardt/Data/maldi_repetitions/sa_ec/usb_ec_sa_spectra/5d1ecebf-b4f1-4dc3-a77e-6de51a3117ab/27294ebc-cf66-4418-8d6a-bfc1849c3e65/0_B6/1/1SLin/fid
[1] "27294ebc-cf66-4418-8d6a-bfc1849c3e65"
[1] "/links/groups/borgwardt/Data/DRIAMS/DRIAMS-E/raw/2019/27294ebc-cf66-4418-8d6a-bfc1849c3e65.txt"


43
/links/groups/borgwardt/Data/maldi_repetitions/sa_ec/usb_ec_sa_spectra/5d1ecebf-b4f1-4dc3-a77e-6de51a3117ab/2e223963-bfa8-46c7-968c-a88c54414223/0_A2/1/1SLin/fid
[1] "2e223963-bfa8-46c7-968c-a88c54414223"
[1] "Spectra is empty"


44
/links/groups/borgwardt/Data/maldi_repetitions/sa_ec/usb_ec_sa_spectra/5d1ecebf-b4f1-4dc3-a77e-6de51a3117ab/3348efcc-5293-4b8c-8e41-8e5077c78f72/0_A3/1/1SLin/fid
[1] "3348efcc-5293-4b8c-8e41-8e5077c78f72"
[1] "/links/groups/borgwardt/Data/DRIAMS/DRIAMS-E/raw/2019/3348efcc-5293-4b8c-8e41-8e5077c78f72.txt"


45
/links/groups/borgwardt/Data/maldi_repetitions/sa_ec/usb_ec_sa_spectra/5d1ecebf-b4f1-4dc3-a77e-6de51a3117ab/43448504-3408-4edd-95a6-bd022baad3c4/0_B1/1/1SLin/fid
[1] "43448504-3408-4edd-95a6-bd022baad3c4"
[1] "/links/groups/borgwardt/Data/DRIAMS/DRIAMS-E/raw/2019/43448504-3408-4edd-95a6-bd022baad3c4.txt"


46
/links/groups/borgwardt/Data/maldi_repetitions/sa_ec/usb_ec_sa_spectra/5d1ecebf-b4f1-4dc3-a77e-6de51a3117ab/4a569df6-54f7-4ee4-9bb3-5472b5c40e11/0_A6/1/1SLin/fid
[1] "4a569df6-54f7-4ee4-9bb3-5472b5c40e11"
[1] "/links/groups/borgwardt/Data/DRIAMS/DRIAMS-E/raw/2019/4a569df6-54f7-4ee4-9bb3-5472b5c40e11.txt"


47
/links/groups/borgwardt/Data/maldi_repetitions/sa_ec/usb_ec_sa_spectra/5d1ecebf-b4f1-4dc3-a77e-6de51a3117ab/4c22a42c-0cc6-481d-8324-f936fcba14b9/0_A5/1/1SLin/fid
[1] "4c22a42c-0cc6-481d-8324-f936fcba14b9"
[1] "/links/groups/borgwardt/Data/DRIAMS/DRIAMS-E/raw/2019/4c22a42c-0cc6-481d-8324-f936fcba14b9.txt"


48
/links/groups/borgwardt/Data/maldi_repetitions/sa_ec/usb_ec_sa_spectra/5d1ecebf-b4f1-4dc3-a77e-6de51a3117ab/5c2bec71-f931-4977-8161-a3a3af827ecb/0_A10/1/1SLin/fid
[1] "5c2bec71-f931-4977-8161-a3a3af827ecb"
[1] "/links/groups/borgwardt/Data/DRIAMS/DRIAMS-E/raw/2019/5c2bec71-f931-4977-8161-a3a3af827ecb.txt"


49
/links/groups/borgwardt/Data/maldi_repetitions/sa_ec/usb_ec_sa_spectra/5d1ecebf-b4f1-4dc3-a77e-6de51a3117ab/73b08cdc-7fc1-4b25-a11f-be7585766c70/0_B4/1/1SLin/fid
[1] "73b08cdc-7fc1-4b25-a11f-be7585766c70"
[1] "/links/groups/borgwardt/Data/DRIAMS/DRIAMS-E/raw/2019/73b08cdc-7fc1-4b25-a11f-be7585766c70.txt"


50
/links/groups/borgwardt/Data/maldi_repetitions/sa_ec/usb_ec_sa_spectra/5d1ecebf-b4f1-4dc3-a77e-6de51a3117ab/7732dbbe-096c-4c87-bd9b-c934ec52d4d4/0_A4/1/1SLin/fid
[1] "7732dbbe-096c-4c87-bd9b-c934ec52d4d4"
[1] "/links/groups/borgwardt/Data/DRIAMS/DRIAMS-E/raw/2019/7732dbbe-096c-4c87-bd9b-c934ec52d4d4.txt"


51
/links/groups/borgwardt/Data/maldi_repetitions/sa_ec/usb_ec_sa_spectra/5d1ecebf-b4f1-4dc3-a77e-6de51a3117ab/773fd5c9-0937-413f-a9ff-49ee0e2b8aed/0_B10/1/1SLin/fid
[1] "773fd5c9-0937-413f-a9ff-49ee0e2b8aed"
[1] "/links/groups/borgwardt/Data/DRIAMS/DRIAMS-E/raw/2019/773fd5c9-0937-413f-a9ff-49ee0e2b8aed.txt"


52
/links/groups/borgwardt/Data/maldi_repetitions/sa_ec/usb_ec_sa_spectra/5d1ecebf-b4f1-4dc3-a77e-6de51a3117ab/78bd5859-eafc-4966-9ea0-9f8f3c004eea/0_B2/1/1SLin/fid
[1] "78bd5859-eafc-4966-9ea0-9f8f3c004eea"
[1] "/links/groups/borgwardt/Data/DRIAMS/DRIAMS-E/raw/2019/78bd5859-eafc-4966-9ea0-9f8f3c004eea.txt"


53
/links/groups/borgwardt/Data/maldi_repetitions/sa_ec/usb_ec_sa_spectra/5d1ecebf-b4f1-4dc3-a77e-6de51a3117ab/7a668930-2bd8-4c0c-a622-d2d4b2fb49dd/0_A1/1/1SLin/fid
[1] "7a668930-2bd8-4c0c-a622-d2d4b2fb49dd"
[1] "Spectra is empty"


54
/links/groups/borgwardt/Data/maldi_repetitions/sa_ec/usb_ec_sa_spectra/5d1ecebf-b4f1-4dc3-a77e-6de51a3117ab/87dab6fb-e072-46b8-8e1f-f5f649a7c8e2/0_B7/1/1SLin/fid
[1] "87dab6fb-e072-46b8-8e1f-f5f649a7c8e2"
[1] "/links/groups/borgwardt/Data/DRIAMS/DRIAMS-E/raw/2019/87dab6fb-e072-46b8-8e1f-f5f649a7c8e2.txt"


55
/links/groups/borgwardt/Data/maldi_repetitions/sa_ec/usb_ec_sa_spectra/5d1ecebf-b4f1-4dc3-a77e-6de51a3117ab/891b8b95-94a8-4d84-8891-0e916f683537/0_B3/1/1SLin/fid
[1] "891b8b95-94a8-4d84-8891-0e916f683537"
[1] "/links/groups/borgwardt/Data/DRIAMS/DRIAMS-E/raw/2019/891b8b95-94a8-4d84-8891-0e916f683537.txt"


56
/links/groups/borgwardt/Data/maldi_repetitions/sa_ec/usb_ec_sa_spectra/5d1ecebf-b4f1-4dc3-a77e-6de51a3117ab/90ddd051-9428-4605-86b1-6846b37d86d9/0_A7/1/1SLin/fid
[1] "90ddd051-9428-4605-86b1-6846b37d86d9"
[1] "/links/groups/borgwardt/Data/DRIAMS/DRIAMS-E/raw/2019/90ddd051-9428-4605-86b1-6846b37d86d9.txt"


57
/links/groups/borgwardt/Data/maldi_repetitions/sa_ec/usb_ec_sa_spectra/5d1ecebf-b4f1-4dc3-a77e-6de51a3117ab/94f4b5e2-d1e7-4a10-acb8-4235cf86a046/0_A11/1/1SLin/fid
[1] "94f4b5e2-d1e7-4a10-acb8-4235cf86a046"
[1] "/links/groups/borgwardt/Data/DRIAMS/DRIAMS-E/raw/2019/94f4b5e2-d1e7-4a10-acb8-4235cf86a046.txt"


58
/links/groups/borgwardt/Data/maldi_repetitions/sa_ec/usb_ec_sa_spectra/5d1ecebf-b4f1-4dc3-a77e-6de51a3117ab/99d110a9-9fa6-4e16-9630-b2c2b3cb27e3/0_B5/1/1SLin/fid
[1] "99d110a9-9fa6-4e16-9630-b2c2b3cb27e3"
[1] "/links/groups/borgwardt/Data/DRIAMS/DRIAMS-E/raw/2019/99d110a9-9fa6-4e16-9630-b2c2b3cb27e3.txt"


59
/links/groups/borgwardt/Data/maldi_repetitions/sa_ec/usb_ec_sa_spectra/5d1ecebf-b4f1-4dc3-a77e-6de51a3117ab/a3648c9f-6f0e-4e87-88cc-6a58166b70f9/0_A9/1/1SLin/fid
[1] "a3648c9f-6f0e-4e87-88cc-6a58166b70f9"
[1] "/links/groups/borgwardt/Data/DRIAMS/DRIAMS-E/raw/2019/a3648c9f-6f0e-4e87-88cc-6a58166b70f9.txt"


60
/links/groups/borgwardt/Data/maldi_repetitions/sa_ec/usb_ec_sa_spectra/5d1ecebf-b4f1-4dc3-a77e-6de51a3117ab/b099c8f3-50e4-4c7b-b09e-e6e802a12ab8/0_A12/1/1SLin/fid
[1] "b099c8f3-50e4-4c7b-b09e-e6e802a12ab8"
[1] "/links/groups/borgwardt/Data/DRIAMS/DRIAMS-E/raw/2019/b099c8f3-50e4-4c7b-b09e-e6e802a12ab8.txt"


61
/links/groups/borgwardt/Data/maldi_repetitions/sa_ec/usb_ec_sa_spectra/5d1ecebf-b4f1-4dc3-a77e-6de51a3117ab/d5937988-4a62-4eb0-8fd7-55161bf838fd/0_B9/1/1SLin/fid
[1] "d5937988-4a62-4eb0-8fd7-55161bf838fd"
[1] "/links/groups/borgwardt/Data/DRIAMS/DRIAMS-E/raw/2019/d5937988-4a62-4eb0-8fd7-55161bf838fd.txt"


62
/links/groups/borgwardt/Data/maldi_repetitions/sa_ec/usb_ec_sa_spectra/7378aa60-506a-469d-91be-6ba9810405dc/00e0d76d-05a5-4c5d-9df7-a3c1be05d2bc/0_B5/1/1SLin/fid
[1] "00e0d76d-05a5-4c5d-9df7-a3c1be05d2bc"
[1] "/links/groups/borgwardt/Data/DRIAMS/DRIAMS-E/raw/2019/00e0d76d-05a5-4c5d-9df7-a3c1be05d2bc.txt"


63
/links/groups/borgwardt/Data/maldi_repetitions/sa_ec/usb_ec_sa_spectra/7378aa60-506a-469d-91be-6ba9810405dc/0136dfba-a43f-4c52-96bd-5c5f376b55ff/0_E10/1/1SLin/fid
[1] "0136dfba-a43f-4c52-96bd-5c5f376b55ff"
[1] "/links/groups/borgwardt/Data/DRIAMS/DRIAMS-E/raw/2019/0136dfba-a43f-4c52-96bd-5c5f376b55ff.txt"


64
/links/groups/borgwardt/Data/maldi_repetitions/sa_ec/usb_ec_sa_spectra/7378aa60-506a-469d-91be-6ba9810405dc/022c9acf-a1d8-4e80-9c20-16dd245714bb/0_C8/1/1SLin/fid
[1] "022c9acf-a1d8-4e80-9c20-16dd245714bb"
[1] "/links/groups/borgwardt/Data/DRIAMS/DRIAMS-E/raw/2019/022c9acf-a1d8-4e80-9c20-16dd245714bb.txt"


65
/links/groups/borgwardt/Data/maldi_repetitions/sa_ec/usb_ec_sa_spectra/7378aa60-506a-469d-91be-6ba9810405dc/059e475d-551d-4d5d-91d2-5038652f4c76/0_D8/1/1SLin/fid
[1] "059e475d-551d-4d5d-91d2-5038652f4c76"
[1] "/links/groups/borgwardt/Data/DRIAMS/DRIAMS-E/raw/2019/059e475d-551d-4d5d-91d2-5038652f4c76.txt"


66
/links/groups/borgwardt/Data/maldi_repetitions/sa_ec/usb_ec_sa_spectra/7378aa60-506a-469d-91be-6ba9810405dc/0ba0675f-ff16-48f0-ab94-dff20b3f92cf/0_A8/1/1SLin/fid
[1] "0ba0675f-ff16-48f0-ab94-dff20b3f92cf"
[1] "/links/groups/borgwardt/Data/DRIAMS/DRIAMS-E/raw/2019/0ba0675f-ff16-48f0-ab94-dff20b3f92cf.txt"


67
/links/groups/borgwardt/Data/maldi_repetitions/sa_ec/usb_ec_sa_spectra/7378aa60-506a-469d-91be-6ba9810405dc/0c71c22a-f682-44bd-83e3-57b7dce07da7/0_E5/1/1SLin/fid
[1] "0c71c22a-f682-44bd-83e3-57b7dce07da7"
[1] "/links/groups/borgwardt/Data/DRIAMS/DRIAMS-E/raw/2019/0c71c22a-f682-44bd-83e3-57b7dce07da7.txt"


68
/links/groups/borgwardt/Data/maldi_repetitions/sa_ec/usb_ec_sa_spectra/7378aa60-506a-469d-91be-6ba9810405dc/0cf3c806-85b8-42f8-8a17-8b6a28055b96/0_G11/1/1SLin/fid
[1] "0cf3c806-85b8-42f8-8a17-8b6a28055b96"
[1] "/links/groups/borgwardt/Data/DRIAMS/DRIAMS-E/raw/2019/0cf3c806-85b8-42f8-8a17-8b6a28055b96.txt"


69
/links/groups/borgwardt/Data/maldi_repetitions/sa_ec/usb_ec_sa_spectra/7378aa60-506a-469d-91be-6ba9810405dc/0f395309-c142-4378-9a28-ae6471e9647c/0_G7/1/1SLin/fid
[1] "0f395309-c142-4378-9a28-ae6471e9647c"
[1] "/links/groups/borgwardt/Data/DRIAMS/DRIAMS-E/raw/2019/0f395309-c142-4378-9a28-ae6471e9647c.txt"


70
/links/groups/borgwardt/Data/maldi_repetitions/sa_ec/usb_ec_sa_spectra/7378aa60-506a-469d-91be-6ba9810405dc/11c6e58b-5478-4867-b1f1-cb03518aa090/0_E6/1/1SLin/fid
[1] "11c6e58b-5478-4867-b1f1-cb03518aa090"
[1] "/links/groups/borgwardt/Data/DRIAMS/DRIAMS-E/raw/2019/11c6e58b-5478-4867-b1f1-cb03518aa090.txt"


71
/links/groups/borgwardt/Data/maldi_repetitions/sa_ec/usb_ec_sa_spectra/7378aa60-506a-469d-91be-6ba9810405dc/1223754a-f194-4147-9a2c-f1b247493596/0_F5/1/1SLin/fid
[1] "1223754a-f194-4147-9a2c-f1b247493596"
[1] "/links/groups/borgwardt/Data/DRIAMS/DRIAMS-E/raw/2019/1223754a-f194-4147-9a2c-f1b247493596.txt"


72
/links/groups/borgwardt/Data/maldi_repetitions/sa_ec/usb_ec_sa_spectra/7378aa60-506a-469d-91be-6ba9810405dc/1bf0d778-5b91-435c-8960-671900d1166e/0_E12/1/1SLin/fid
[1] "1bf0d778-5b91-435c-8960-671900d1166e"
[1] "/links/groups/borgwardt/Data/DRIAMS/DRIAMS-E/raw/2019/1bf0d778-5b91-435c-8960-671900d1166e.txt"


73
/links/groups/borgwardt/Data/maldi_repetitions/sa_ec/usb_ec_sa_spectra/7378aa60-506a-469d-91be-6ba9810405dc/1f13b225-2e3d-4b80-83b7-df505a7d450a/0_F6/1/1SLin/fid
[1] "1f13b225-2e3d-4b80-83b7-df505a7d450a"
[1] "/links/groups/borgwardt/Data/DRIAMS/DRIAMS-E/raw/2019/1f13b225-2e3d-4b80-83b7-df505a7d450a.txt"


74
/links/groups/borgwardt/Data/maldi_repetitions/sa_ec/usb_ec_sa_spectra/7378aa60-506a-469d-91be-6ba9810405dc/1fa2477e-b9b6-4a0b-8468-bb0b4dc1a621/0_D5/1/1SLin/fid
[1] "1fa2477e-b9b6-4a0b-8468-bb0b4dc1a621"
[1] "/links/groups/borgwardt/Data/DRIAMS/DRIAMS-E/raw/2019/1fa2477e-b9b6-4a0b-8468-bb0b4dc1a621.txt"


75
/links/groups/borgwardt/Data/maldi_repetitions/sa_ec/usb_ec_sa_spectra/7378aa60-506a-469d-91be-6ba9810405dc/25a8a1ed-d0ad-4ec4-962d-75c38cdd1b30/0_G6/1/1SLin/fid
[1] "25a8a1ed-d0ad-4ec4-962d-75c38cdd1b30"
[1] "/links/groups/borgwardt/Data/DRIAMS/DRIAMS-E/raw/2019/25a8a1ed-d0ad-4ec4-962d-75c38cdd1b30.txt"


76
/links/groups/borgwardt/Data/maldi_repetitions/sa_ec/usb_ec_sa_spectra/7378aa60-506a-469d-91be-6ba9810405dc/2ae6dcb9-17bf-4937-85c4-b66361058d3d/0_F3/1/1SLin/fid
[1] "2ae6dcb9-17bf-4937-85c4-b66361058d3d"
[1] "/links/groups/borgwardt/Data/DRIAMS/DRIAMS-E/raw/2019/2ae6dcb9-17bf-4937-85c4-b66361058d3d.txt"


77
/links/groups/borgwardt/Data/maldi_repetitions/sa_ec/usb_ec_sa_spectra/7378aa60-506a-469d-91be-6ba9810405dc/30b368e0-b6d5-40d2-9dc7-8f6a8b75d8dc/0_F9/1/1SLin/fid
[1] "30b368e0-b6d5-40d2-9dc7-8f6a8b75d8dc"
[1] "/links/groups/borgwardt/Data/DRIAMS/DRIAMS-E/raw/2019/30b368e0-b6d5-40d2-9dc7-8f6a8b75d8dc.txt"


78
/links/groups/borgwardt/Data/maldi_repetitions/sa_ec/usb_ec_sa_spectra/7378aa60-506a-469d-91be-6ba9810405dc/3128e398-cbc9-41ed-abba-6864d675f46b/0_C11/1/1SLin/fid
[1] "3128e398-cbc9-41ed-abba-6864d675f46b"
[1] "/links/groups/borgwardt/Data/DRIAMS/DRIAMS-E/raw/2019/3128e398-cbc9-41ed-abba-6864d675f46b.txt"


79
/links/groups/borgwardt/Data/maldi_repetitions/sa_ec/usb_ec_sa_spectra/7378aa60-506a-469d-91be-6ba9810405dc/31ddc161-5499-4962-8fda-d3a7d0f932c6/0_D4/1/1SLin/fid
[1] "31ddc161-5499-4962-8fda-d3a7d0f932c6"
[1] "/links/groups/borgwardt/Data/DRIAMS/DRIAMS-E/raw/2019/31ddc161-5499-4962-8fda-d3a7d0f932c6.txt"


80
/links/groups/borgwardt/Data/maldi_repetitions/sa_ec/usb_ec_sa_spectra/7378aa60-506a-469d-91be-6ba9810405dc/341b3c4c-6325-4b4d-8346-5bcca1f0f862/0_B11/1/1SLin/fid
[1] "341b3c4c-6325-4b4d-8346-5bcca1f0f862"
[1] "/links/groups/borgwardt/Data/DRIAMS/DRIAMS-E/raw/2019/341b3c4c-6325-4b4d-8346-5bcca1f0f862.txt"


81
/links/groups/borgwardt/Data/maldi_repetitions/sa_ec/usb_ec_sa_spectra/7378aa60-506a-469d-91be-6ba9810405dc/3856c44f-5330-4ff5-9223-c2cce92318f4/0_F8/1/1SLin/fid
[1] "3856c44f-5330-4ff5-9223-c2cce92318f4"
[1] "/links/groups/borgwardt/Data/DRIAMS/DRIAMS-E/raw/2019/3856c44f-5330-4ff5-9223-c2cce92318f4.txt"


82
/links/groups/borgwardt/Data/maldi_repetitions/sa_ec/usb_ec_sa_spectra/7378aa60-506a-469d-91be-6ba9810405dc/39250781-a48b-41b6-bee1-ed4a8a628a6c/0_C3/1/1SLin/fid
[1] "39250781-a48b-41b6-bee1-ed4a8a628a6c"
[1] "/links/groups/borgwardt/Data/DRIAMS/DRIAMS-E/raw/2019/39250781-a48b-41b6-bee1-ed4a8a628a6c.txt"


83
/links/groups/borgwardt/Data/maldi_repetitions/sa_ec/usb_ec_sa_spectra/7378aa60-506a-469d-91be-6ba9810405dc/39800a1d-a37f-40c2-94c2-053fafbc3a3d/0_H3/1/1SLin/fid
[1] "39800a1d-a37f-40c2-94c2-053fafbc3a3d"
[1] "/links/groups/borgwardt/Data/DRIAMS/DRIAMS-E/raw/2019/39800a1d-a37f-40c2-94c2-053fafbc3a3d.txt"


84
/links/groups/borgwardt/Data/maldi_repetitions/sa_ec/usb_ec_sa_spectra/7378aa60-506a-469d-91be-6ba9810405dc/3b4a78ec-a557-4772-8f39-2e8769956d15/0_D10/1/1SLin/fid
[1] "3b4a78ec-a557-4772-8f39-2e8769956d15"
[1] "/links/groups/borgwardt/Data/DRIAMS/DRIAMS-E/raw/2019/3b4a78ec-a557-4772-8f39-2e8769956d15.txt"


85
/links/groups/borgwardt/Data/maldi_repetitions/sa_ec/usb_ec_sa_spectra/7378aa60-506a-469d-91be-6ba9810405dc/3d83e03b-5f90-42f4-aeec-4fd8c6883d11/0_G9/1/1SLin/fid
[1] "3d83e03b-5f90-42f4-aeec-4fd8c6883d11"
[1] "/links/groups/borgwardt/Data/DRIAMS/DRIAMS-E/raw/2019/3d83e03b-5f90-42f4-aeec-4fd8c6883d11.txt"


86
/links/groups/borgwardt/Data/maldi_repetitions/sa_ec/usb_ec_sa_spectra/7378aa60-506a-469d-91be-6ba9810405dc/3e16e87c-cf5e-4044-b4e8-6d9e135cc8bd/0_D3/1/1SLin/fid
[1] "3e16e87c-cf5e-4044-b4e8-6d9e135cc8bd"
[1] "/links/groups/borgwardt/Data/DRIAMS/DRIAMS-E/raw/2019/3e16e87c-cf5e-4044-b4e8-6d9e135cc8bd.txt"


87
/links/groups/borgwardt/Data/maldi_repetitions/sa_ec/usb_ec_sa_spectra/7378aa60-506a-469d-91be-6ba9810405dc/3e260bb4-60be-4fa2-86a3-2f4c2187c606/0_C10/1/1SLin/fid
[1] "3e260bb4-60be-4fa2-86a3-2f4c2187c606"
[1] "/links/groups/borgwardt/Data/DRIAMS/DRIAMS-E/raw/2019/3e260bb4-60be-4fa2-86a3-2f4c2187c606.txt"


88
/links/groups/borgwardt/Data/maldi_repetitions/sa_ec/usb_ec_sa_spectra/7378aa60-506a-469d-91be-6ba9810405dc/3f76aec0-d7f5-4677-80a2-5b74ddac51b9/0_B7/1/1SLin/fid
[1] "3f76aec0-d7f5-4677-80a2-5b74ddac51b9"
[1] "/links/groups/borgwardt/Data/DRIAMS/DRIAMS-E/raw/2019/3f76aec0-d7f5-4677-80a2-5b74ddac51b9.txt"


89
/links/groups/borgwardt/Data/maldi_repetitions/sa_ec/usb_ec_sa_spectra/7378aa60-506a-469d-91be-6ba9810405dc/42ba3b00-4274-4a35-8bc8-d717fbba2c0e/0_F10/1/1SLin/fid
[1] "42ba3b00-4274-4a35-8bc8-d717fbba2c0e"
[1] "/links/groups/borgwardt/Data/DRIAMS/DRIAMS-E/raw/2019/42ba3b00-4274-4a35-8bc8-d717fbba2c0e.txt"


90
/links/groups/borgwardt/Data/maldi_repetitions/sa_ec/usb_ec_sa_spectra/7378aa60-506a-469d-91be-6ba9810405dc/4710e36c-8ac2-4484-8ea1-80fef89c3cd0/0_B9/1/1SLin/fid
[1] "4710e36c-8ac2-4484-8ea1-80fef89c3cd0"
[1] "/links/groups/borgwardt/Data/DRIAMS/DRIAMS-E/raw/2019/4710e36c-8ac2-4484-8ea1-80fef89c3cd0.txt"


91
/links/groups/borgwardt/Data/maldi_repetitions/sa_ec/usb_ec_sa_spectra/7378aa60-506a-469d-91be-6ba9810405dc/4871218c-1415-4cca-a1ad-4eb1c6662a84/0_G5/1/1SLin/fid
[1] "4871218c-1415-4cca-a1ad-4eb1c6662a84"
[1] "/links/groups/borgwardt/Data/DRIAMS/DRIAMS-E/raw/2019/4871218c-1415-4cca-a1ad-4eb1c6662a84.txt"


92
/links/groups/borgwardt/Data/maldi_repetitions/sa_ec/usb_ec_sa_spectra/7378aa60-506a-469d-91be-6ba9810405dc/49632a7b-4475-4d70-b2a6-aa9b61046237/0_G3/1/1SLin/fid
[1] "49632a7b-4475-4d70-b2a6-aa9b61046237"
[1] "/links/groups/borgwardt/Data/DRIAMS/DRIAMS-E/raw/2019/49632a7b-4475-4d70-b2a6-aa9b61046237.txt"


93
/links/groups/borgwardt/Data/maldi_repetitions/sa_ec/usb_ec_sa_spectra/7378aa60-506a-469d-91be-6ba9810405dc/4e9ce51a-b9e8-43d6-a6da-87ac8e807ee7/0_E3/1/1SLin/fid
[1] "4e9ce51a-b9e8-43d6-a6da-87ac8e807ee7"
[1] "/links/groups/borgwardt/Data/DRIAMS/DRIAMS-E/raw/2019/4e9ce51a-b9e8-43d6-a6da-87ac8e807ee7.txt"


94
/links/groups/borgwardt/Data/maldi_repetitions/sa_ec/usb_ec_sa_spectra/7378aa60-506a-469d-91be-6ba9810405dc/4f690682-fb6a-43eb-b062-3d5ed58de8d8/0_G10/1/1SLin/fid
[1] "4f690682-fb6a-43eb-b062-3d5ed58de8d8"
[1] "/links/groups/borgwardt/Data/DRIAMS/DRIAMS-E/raw/2019/4f690682-fb6a-43eb-b062-3d5ed58de8d8.txt"


95
/links/groups/borgwardt/Data/maldi_repetitions/sa_ec/usb_ec_sa_spectra/7378aa60-506a-469d-91be-6ba9810405dc/51c66877-4a0d-442d-85ac-fcb8312dd304/0_B4/1/1SLin/fid
[1] "51c66877-4a0d-442d-85ac-fcb8312dd304"
[1] "/links/groups/borgwardt/Data/DRIAMS/DRIAMS-E/raw/2019/51c66877-4a0d-442d-85ac-fcb8312dd304.txt"


96
/links/groups/borgwardt/Data/maldi_repetitions/sa_ec/usb_ec_sa_spectra/7378aa60-506a-469d-91be-6ba9810405dc/5663befc-b870-4777-9058-cb145de7bfaf/0_G8/1/1SLin/fid
[1] "5663befc-b870-4777-9058-cb145de7bfaf"
[1] "/links/groups/borgwardt/Data/DRIAMS/DRIAMS-E/raw/2019/5663befc-b870-4777-9058-cb145de7bfaf.txt"


97
/links/groups/borgwardt/Data/maldi_repetitions/sa_ec/usb_ec_sa_spectra/7378aa60-506a-469d-91be-6ba9810405dc/57603202-78c1-4c4f-913b-0b922008c35c/0_E8/1/1SLin/fid
[1] "57603202-78c1-4c4f-913b-0b922008c35c"
[1] "/links/groups/borgwardt/Data/DRIAMS/DRIAMS-E/raw/2019/57603202-78c1-4c4f-913b-0b922008c35c.txt"


98
/links/groups/borgwardt/Data/maldi_repetitions/sa_ec/usb_ec_sa_spectra/7378aa60-506a-469d-91be-6ba9810405dc/586f60a7-0002-4141-8d1d-50200e5dd090/0_G1/1/1SLin/fid
[1] "586f60a7-0002-4141-8d1d-50200e5dd090"
[1] "/links/groups/borgwardt/Data/DRIAMS/DRIAMS-E/raw/2019/586f60a7-0002-4141-8d1d-50200e5dd090.txt"


99
/links/groups/borgwardt/Data/maldi_repetitions/sa_ec/usb_ec_sa_spectra/7378aa60-506a-469d-91be-6ba9810405dc/62b97139-3d45-494d-9d04-5c712b09e421/0_E9/1/1SLin/fid
[1] "62b97139-3d45-494d-9d04-5c712b09e421"
[1] "/links/groups/borgwardt/Data/DRIAMS/DRIAMS-E/raw/2019/62b97139-3d45-494d-9d04-5c712b09e421.txt"


100
/links/groups/borgwardt/Data/maldi_repetitions/sa_ec/usb_ec_sa_spectra/7378aa60-506a-469d-91be-6ba9810405dc/6cd2bfa2-6ad3-4292-a421-781037e00772/0_C6/1/1SLin/fid
[1] "6cd2bfa2-6ad3-4292-a421-781037e00772"
[1] "/links/groups/borgwardt/Data/DRIAMS/DRIAMS-E/raw/2019/6cd2bfa2-6ad3-4292-a421-781037e00772.txt"


101
/links/groups/borgwardt/Data/maldi_repetitions/sa_ec/usb_ec_sa_spectra/7378aa60-506a-469d-91be-6ba9810405dc/7060b2e8-12c4-4d2e-aac4-875b0bb18952/0_A1/1/1SLin/fid
[1] "7060b2e8-12c4-4d2e-aac4-875b0bb18952"
[1] "/links/groups/borgwardt/Data/DRIAMS/DRIAMS-E/raw/2019/7060b2e8-12c4-4d2e-aac4-875b0bb18952.txt"


102
/links/groups/borgwardt/Data/maldi_repetitions/sa_ec/usb_ec_sa_spectra/7378aa60-506a-469d-91be-6ba9810405dc/75790254-7982-4f25-93fe-d4ef90085cca/0_E1/1/1SLin/fid
[1] "75790254-7982-4f25-93fe-d4ef90085cca"
[1] "/links/groups/borgwardt/Data/DRIAMS/DRIAMS-E/raw/2019/75790254-7982-4f25-93fe-d4ef90085cca.txt"


103
/links/groups/borgwardt/Data/maldi_repetitions/sa_ec/usb_ec_sa_spectra/7378aa60-506a-469d-91be-6ba9810405dc/775eb938-3382-40d1-be9e-676a314fa1b0/0_A6/1/1SLin/fid
[1] "775eb938-3382-40d1-be9e-676a314fa1b0"
[1] "/links/groups/borgwardt/Data/DRIAMS/DRIAMS-E/raw/2019/775eb938-3382-40d1-be9e-676a314fa1b0.txt"


104
/links/groups/borgwardt/Data/maldi_repetitions/sa_ec/usb_ec_sa_spectra/7378aa60-506a-469d-91be-6ba9810405dc/79c50587-489b-41d6-8ab5-c7e5d54e5582/0_C4/1/1SLin/fid
[1] "79c50587-489b-41d6-8ab5-c7e5d54e5582"
[1] "/links/groups/borgwardt/Data/DRIAMS/DRIAMS-E/raw/2019/79c50587-489b-41d6-8ab5-c7e5d54e5582.txt"


105
/links/groups/borgwardt/Data/maldi_repetitions/sa_ec/usb_ec_sa_spectra/7378aa60-506a-469d-91be-6ba9810405dc/7b83ffa2-a603-4f1b-bfac-31ecdc12e56e/0_A3/1/1SLin/fid
[1] "7b83ffa2-a603-4f1b-bfac-31ecdc12e56e"
[1] "/links/groups/borgwardt/Data/DRIAMS/DRIAMS-E/raw/2019/7b83ffa2-a603-4f1b-bfac-31ecdc12e56e.txt"


106
/links/groups/borgwardt/Data/maldi_repetitions/sa_ec/usb_ec_sa_spectra/7378aa60-506a-469d-91be-6ba9810405dc/7d8212f6-bbe3-45bb-a86c-a4ca0c827ff1/0_G4/1/1SLin/fid
[1] "7d8212f6-bbe3-45bb-a86c-a4ca0c827ff1"
[1] "/links/groups/borgwardt/Data/DRIAMS/DRIAMS-E/raw/2019/7d8212f6-bbe3-45bb-a86c-a4ca0c827ff1.txt"


107
/links/groups/borgwardt/Data/maldi_repetitions/sa_ec/usb_ec_sa_spectra/7378aa60-506a-469d-91be-6ba9810405dc/80664d0f-89df-4150-a62d-098cc3f6ba82/0_F2/1/1SLin/fid
[1] "80664d0f-89df-4150-a62d-098cc3f6ba82"
[1] "/links/groups/borgwardt/Data/DRIAMS/DRIAMS-E/raw/2019/80664d0f-89df-4150-a62d-098cc3f6ba82.txt"


108
/links/groups/borgwardt/Data/maldi_repetitions/sa_ec/usb_ec_sa_spectra/7378aa60-506a-469d-91be-6ba9810405dc/8277250d-f560-4db5-9640-79deed1bf921/0_F12/1/1SLin/fid
[1] "8277250d-f560-4db5-9640-79deed1bf921"
[1] "/links/groups/borgwardt/Data/DRIAMS/DRIAMS-E/raw/2019/8277250d-f560-4db5-9640-79deed1bf921.txt"


109
/links/groups/borgwardt/Data/maldi_repetitions/sa_ec/usb_ec_sa_spectra/7378aa60-506a-469d-91be-6ba9810405dc/83c9f6a2-9196-49b3-aff2-5caf35e0212e/0_A11/1/1SLin/fid
[1] "83c9f6a2-9196-49b3-aff2-5caf35e0212e"
[1] "/links/groups/borgwardt/Data/DRIAMS/DRIAMS-E/raw/2019/83c9f6a2-9196-49b3-aff2-5caf35e0212e.txt"


110
/links/groups/borgwardt/Data/maldi_repetitions/sa_ec/usb_ec_sa_spectra/7378aa60-506a-469d-91be-6ba9810405dc/85630cff-9189-409b-9b48-fed0791ecea5/0_H4/1/1SLin/fid
[1] "85630cff-9189-409b-9b48-fed0791ecea5"
[1] "/links/groups/borgwardt/Data/DRIAMS/DRIAMS-E/raw/2019/85630cff-9189-409b-9b48-fed0791ecea5.txt"


111
/links/groups/borgwardt/Data/maldi_repetitions/sa_ec/usb_ec_sa_spectra/7378aa60-506a-469d-91be-6ba9810405dc/90ea4430-d678-432e-a32e-4161affdb122/0_B12/1/1SLin/fid
[1] "90ea4430-d678-432e-a32e-4161affdb122"
[1] "/links/groups/borgwardt/Data/DRIAMS/DRIAMS-E/raw/2019/90ea4430-d678-432e-a32e-4161affdb122.txt"


112
/links/groups/borgwardt/Data/maldi_repetitions/sa_ec/usb_ec_sa_spectra/7378aa60-506a-469d-91be-6ba9810405dc/9140171c-9acc-4195-b5b2-923243aa474d/0_F1/1/1SLin/fid
[1] "9140171c-9acc-4195-b5b2-923243aa474d"
[1] "/links/groups/borgwardt/Data/DRIAMS/DRIAMS-E/raw/2019/9140171c-9acc-4195-b5b2-923243aa474d.txt"


113
/links/groups/borgwardt/Data/maldi_repetitions/sa_ec/usb_ec_sa_spectra/7378aa60-506a-469d-91be-6ba9810405dc/9ecdd6d1-73bd-4093-97ae-2eb4a829a1f8/0_H5/1/1SLin/fid
[1] "9ecdd6d1-73bd-4093-97ae-2eb4a829a1f8"
[1] "/links/groups/borgwardt/Data/DRIAMS/DRIAMS-E/raw/2019/9ecdd6d1-73bd-4093-97ae-2eb4a829a1f8.txt"


114
/links/groups/borgwardt/Data/maldi_repetitions/sa_ec/usb_ec_sa_spectra/7378aa60-506a-469d-91be-6ba9810405dc/9f94fb07-3916-458f-a46e-df38455dea4e/0_A9/1/1SLin/fid
[1] "9f94fb07-3916-458f-a46e-df38455dea4e"
[1] "/links/groups/borgwardt/Data/DRIAMS/DRIAMS-E/raw/2019/9f94fb07-3916-458f-a46e-df38455dea4e.txt"


115
/links/groups/borgwardt/Data/maldi_repetitions/sa_ec/usb_ec_sa_spectra/7378aa60-506a-469d-91be-6ba9810405dc/a0333945-6ca1-4baf-a5ed-027a3330ee45/0_C5/1/1SLin/fid
[1] "a0333945-6ca1-4baf-a5ed-027a3330ee45"
[1] "/links/groups/borgwardt/Data/DRIAMS/DRIAMS-E/raw/2019/a0333945-6ca1-4baf-a5ed-027a3330ee45.txt"


116
/links/groups/borgwardt/Data/maldi_repetitions/sa_ec/usb_ec_sa_spectra/7378aa60-506a-469d-91be-6ba9810405dc/b2fdcaa7-5694-42a7-b80f-17da483ae169/0_H6/1/1SLin/fid
[1] "b2fdcaa7-5694-42a7-b80f-17da483ae169"
[1] "/links/groups/borgwardt/Data/DRIAMS/DRIAMS-E/raw/2019/b2fdcaa7-5694-42a7-b80f-17da483ae169.txt"


117
/links/groups/borgwardt/Data/maldi_repetitions/sa_ec/usb_ec_sa_spectra/7378aa60-506a-469d-91be-6ba9810405dc/b3e22245-5745-49ac-aea6-9b0d0478165a/0_A7/1/1SLin/fid
[1] "b3e22245-5745-49ac-aea6-9b0d0478165a"
[1] "/links/groups/borgwardt/Data/DRIAMS/DRIAMS-E/raw/2019/b3e22245-5745-49ac-aea6-9b0d0478165a.txt"


118
/links/groups/borgwardt/Data/maldi_repetitions/sa_ec/usb_ec_sa_spectra/7378aa60-506a-469d-91be-6ba9810405dc/b7688a19-7c77-4685-abce-6dc9c3795cb6/0_F11/1/1SLin/fid
[1] "b7688a19-7c77-4685-abce-6dc9c3795cb6"
[1] "/links/groups/borgwardt/Data/DRIAMS/DRIAMS-E/raw/2019/b7688a19-7c77-4685-abce-6dc9c3795cb6.txt"


119
/links/groups/borgwardt/Data/maldi_repetitions/sa_ec/usb_ec_sa_spectra/7378aa60-506a-469d-91be-6ba9810405dc/b7e101bd-b6bb-4ab7-866e-4c53ef2d8bab/0_D2/1/1SLin/fid
[1] "b7e101bd-b6bb-4ab7-866e-4c53ef2d8bab"
[1] "/links/groups/borgwardt/Data/DRIAMS/DRIAMS-E/raw/2019/b7e101bd-b6bb-4ab7-866e-4c53ef2d8bab.txt"


120
/links/groups/borgwardt/Data/maldi_repetitions/sa_ec/usb_ec_sa_spectra/7378aa60-506a-469d-91be-6ba9810405dc/c2238d39-0d01-40e3-99ee-206658039813/0_C7/1/1SLin/fid
[1] "c2238d39-0d01-40e3-99ee-206658039813"
[1] "/links/groups/borgwardt/Data/DRIAMS/DRIAMS-E/raw/2019/c2238d39-0d01-40e3-99ee-206658039813.txt"


121
/links/groups/borgwardt/Data/maldi_repetitions/sa_ec/usb_ec_sa_spectra/7378aa60-506a-469d-91be-6ba9810405dc/c2badeb9-2745-4e75-9cce-1f02766eee45/0_C2/1/1SLin/fid
[1] "c2badeb9-2745-4e75-9cce-1f02766eee45"
[1] "/links/groups/borgwardt/Data/DRIAMS/DRIAMS-E/raw/2019/c2badeb9-2745-4e75-9cce-1f02766eee45.txt"


122
/links/groups/borgwardt/Data/maldi_repetitions/sa_ec/usb_ec_sa_spectra/7378aa60-506a-469d-91be-6ba9810405dc/c544de54-7f05-4668-9d32-16a6eb6408cf/0_D1/1/1SLin/fid
[1] "c544de54-7f05-4668-9d32-16a6eb6408cf"
[1] "/links/groups/borgwardt/Data/DRIAMS/DRIAMS-E/raw/2019/c544de54-7f05-4668-9d32-16a6eb6408cf.txt"


123
/links/groups/borgwardt/Data/maldi_repetitions/sa_ec/usb_ec_sa_spectra/7378aa60-506a-469d-91be-6ba9810405dc/c711833a-704f-4846-bdad-f27df421ca0f/0_C12/1/1SLin/fid
[1] "c711833a-704f-4846-bdad-f27df421ca0f"
[1] "/links/groups/borgwardt/Data/DRIAMS/DRIAMS-E/raw/2019/c711833a-704f-4846-bdad-f27df421ca0f.txt"


124
/links/groups/borgwardt/Data/maldi_repetitions/sa_ec/usb_ec_sa_spectra/7378aa60-506a-469d-91be-6ba9810405dc/cc0c4edd-0b55-4e25-9781-d0ae83d3a850/0_E2/1/1SLin/fid
[1] "cc0c4edd-0b55-4e25-9781-d0ae83d3a850"
[1] "/links/groups/borgwardt/Data/DRIAMS/DRIAMS-E/raw/2019/cc0c4edd-0b55-4e25-9781-d0ae83d3a850.txt"


125
/links/groups/borgwardt/Data/maldi_repetitions/sa_ec/usb_ec_sa_spectra/7378aa60-506a-469d-91be-6ba9810405dc/d04eb05d-4ea9-48a3-a6f4-98d0ba923c04/0_F4/1/1SLin/fid
[1] "d04eb05d-4ea9-48a3-a6f4-98d0ba923c04"
[1] "/links/groups/borgwardt/Data/DRIAMS/DRIAMS-E/raw/2019/d04eb05d-4ea9-48a3-a6f4-98d0ba923c04.txt"


126
/links/groups/borgwardt/Data/maldi_repetitions/sa_ec/usb_ec_sa_spectra/7378aa60-506a-469d-91be-6ba9810405dc/d0837fba-59c4-4d86-bf13-91a0f5fc82ed/0_B1/1/1SLin/fid
[1] "d0837fba-59c4-4d86-bf13-91a0f5fc82ed"
[1] "/links/groups/borgwardt/Data/DRIAMS/DRIAMS-E/raw/2019/d0837fba-59c4-4d86-bf13-91a0f5fc82ed.txt"


127
/links/groups/borgwardt/Data/maldi_repetitions/sa_ec/usb_ec_sa_spectra/7378aa60-506a-469d-91be-6ba9810405dc/d293c3da-56a5-4ead-bda6-9e15358acd31/0_D7/1/1SLin/fid
[1] "d293c3da-56a5-4ead-bda6-9e15358acd31"
[1] "/links/groups/borgwardt/Data/DRIAMS/DRIAMS-E/raw/2019/d293c3da-56a5-4ead-bda6-9e15358acd31.txt"


128
/links/groups/borgwardt/Data/maldi_repetitions/sa_ec/usb_ec_sa_spectra/7378aa60-506a-469d-91be-6ba9810405dc/d3b407b9-d652-4802-a28d-d570389c49d5/0_B10/1/1SLin/fid
[1] "d3b407b9-d652-4802-a28d-d570389c49d5"
[1] "/links/groups/borgwardt/Data/DRIAMS/DRIAMS-E/raw/2019/d3b407b9-d652-4802-a28d-d570389c49d5.txt"


129
/links/groups/borgwardt/Data/maldi_repetitions/sa_ec/usb_ec_sa_spectra/7378aa60-506a-469d-91be-6ba9810405dc/d48d0355-f5de-4557-800c-3861415f4ce2/0_A4/1/1SLin/fid
[1] "d48d0355-f5de-4557-800c-3861415f4ce2"
[1] "/links/groups/borgwardt/Data/DRIAMS/DRIAMS-E/raw/2019/d48d0355-f5de-4557-800c-3861415f4ce2.txt"


130
/links/groups/borgwardt/Data/maldi_repetitions/sa_ec/usb_ec_sa_spectra/7378aa60-506a-469d-91be-6ba9810405dc/d59a22d0-7441-4dd5-b3f0-6f984a76d55b/0_E11/1/1SLin/fid
[1] "d59a22d0-7441-4dd5-b3f0-6f984a76d55b"
[1] "/links/groups/borgwardt/Data/DRIAMS/DRIAMS-E/raw/2019/d59a22d0-7441-4dd5-b3f0-6f984a76d55b.txt"


131
/links/groups/borgwardt/Data/maldi_repetitions/sa_ec/usb_ec_sa_spectra/7378aa60-506a-469d-91be-6ba9810405dc/d97790cd-a5c4-4643-a0ad-4b0d6370ccfc/0_B8/1/1SLin/fid
[1] "d97790cd-a5c4-4643-a0ad-4b0d6370ccfc"
[1] "/links/groups/borgwardt/Data/DRIAMS/DRIAMS-E/raw/2019/d97790cd-a5c4-4643-a0ad-4b0d6370ccfc.txt"


132
/links/groups/borgwardt/Data/maldi_repetitions/sa_ec/usb_ec_sa_spectra/7378aa60-506a-469d-91be-6ba9810405dc/ddee3d79-f23f-4876-931c-1fe1ac46540d/0_H1/1/1SLin/fid
[1] "ddee3d79-f23f-4876-931c-1fe1ac46540d"
[1] "/links/groups/borgwardt/Data/DRIAMS/DRIAMS-E/raw/2019/ddee3d79-f23f-4876-931c-1fe1ac46540d.txt"


133
/links/groups/borgwardt/Data/maldi_repetitions/sa_ec/usb_ec_sa_spectra/7378aa60-506a-469d-91be-6ba9810405dc/df3d9a0c-103a-4495-9a27-1788530e75a6/0_G12/1/1SLin/fid
[1] "df3d9a0c-103a-4495-9a27-1788530e75a6"
[1] "/links/groups/borgwardt/Data/DRIAMS/DRIAMS-E/raw/2019/df3d9a0c-103a-4495-9a27-1788530e75a6.txt"


134
/links/groups/borgwardt/Data/maldi_repetitions/sa_ec/usb_ec_sa_spectra/7378aa60-506a-469d-91be-6ba9810405dc/df833a59-a6c3-404b-bb09-20d43345496e/0_F7/1/1SLin/fid
[1] "df833a59-a6c3-404b-bb09-20d43345496e"
[1] "/links/groups/borgwardt/Data/DRIAMS/DRIAMS-E/raw/2019/df833a59-a6c3-404b-bb09-20d43345496e.txt"


135
/links/groups/borgwardt/Data/maldi_repetitions/sa_ec/usb_ec_sa_spectra/7378aa60-506a-469d-91be-6ba9810405dc/e0603c13-4442-4c8a-8352-3d9495c3f965/0_E4/1/1SLin/fid
[1] "e0603c13-4442-4c8a-8352-3d9495c3f965"
[1] "/links/groups/borgwardt/Data/DRIAMS/DRIAMS-E/raw/2019/e0603c13-4442-4c8a-8352-3d9495c3f965.txt"


136
/links/groups/borgwardt/Data/maldi_repetitions/sa_ec/usb_ec_sa_spectra/7378aa60-506a-469d-91be-6ba9810405dc/e489d094-44ae-435d-a19a-b12c90f7aca1/0_B3/1/1SLin/fid
[1] "e489d094-44ae-435d-a19a-b12c90f7aca1"
[1] "/links/groups/borgwardt/Data/DRIAMS/DRIAMS-E/raw/2019/e489d094-44ae-435d-a19a-b12c90f7aca1.txt"


137
/links/groups/borgwardt/Data/maldi_repetitions/sa_ec/usb_ec_sa_spectra/7378aa60-506a-469d-91be-6ba9810405dc/e6007446-0a34-4606-b4a6-96a19ab263eb/0_D9/1/1SLin/fid
[1] "e6007446-0a34-4606-b4a6-96a19ab263eb"
[1] "/links/groups/borgwardt/Data/DRIAMS/DRIAMS-E/raw/2019/e6007446-0a34-4606-b4a6-96a19ab263eb.txt"


138
/links/groups/borgwardt/Data/maldi_repetitions/sa_ec/usb_ec_sa_spectra/7378aa60-506a-469d-91be-6ba9810405dc/e95576a7-204b-4088-bac5-9cc7893e4ac0/0_G2/1/1SLin/fid
[1] "e95576a7-204b-4088-bac5-9cc7893e4ac0"
[1] "/links/groups/borgwardt/Data/DRIAMS/DRIAMS-E/raw/2019/e95576a7-204b-4088-bac5-9cc7893e4ac0.txt"


139
/links/groups/borgwardt/Data/maldi_repetitions/sa_ec/usb_ec_sa_spectra/7378aa60-506a-469d-91be-6ba9810405dc/f18e1726-3d0b-4808-93ea-e1d92869f77a/0_E7/1/1SLin/fid
[1] "f18e1726-3d0b-4808-93ea-e1d92869f77a"
[1] "/links/groups/borgwardt/Data/DRIAMS/DRIAMS-E/raw/2019/f18e1726-3d0b-4808-93ea-e1d92869f77a.txt"


140
/links/groups/borgwardt/Data/maldi_repetitions/sa_ec/usb_ec_sa_spectra/7378aa60-506a-469d-91be-6ba9810405dc/f5252f93-7ce7-4429-8484-6c1e266a1b1a/0_H2/1/1SLin/fid
[1] "f5252f93-7ce7-4429-8484-6c1e266a1b1a"
[1] "/links/groups/borgwardt/Data/DRIAMS/DRIAMS-E/raw/2019/f5252f93-7ce7-4429-8484-6c1e266a1b1a.txt"


141
/links/groups/borgwardt/Data/maldi_repetitions/sa_ec/usb_ec_sa_spectra/7378aa60-506a-469d-91be-6ba9810405dc/f85cef6b-35d9-4cde-8187-2395d438ea4d/0_B2/1/1SLin/fid
[1] "f85cef6b-35d9-4cde-8187-2395d438ea4d"
[1] "/links/groups/borgwardt/Data/DRIAMS/DRIAMS-E/raw/2019/f85cef6b-35d9-4cde-8187-2395d438ea4d.txt"


142
/links/groups/borgwardt/Data/maldi_repetitions/sa_ec/usb_ec_sa_spectra/7378aa60-506a-469d-91be-6ba9810405dc/fcb22e38-df69-4c67-b513-e91a9fd57c98/0_D6/1/1SLin/fid
[1] "fcb22e38-df69-4c67-b513-e91a9fd57c98"
[1] "/links/groups/borgwardt/Data/DRIAMS/DRIAMS-E/raw/2019/fcb22e38-df69-4c67-b513-e91a9fd57c98.txt"


143
/links/groups/borgwardt/Data/maldi_repetitions/sa_ec/usb_ec_sa_spectra/E. coli Spektrum/05ff977e-a0a9-4712-b783-ed061e3d96fb/0_C9/1/1SLin/fid
[1] "05ff977e-a0a9-4712-b783-ed061e3d96fb"
[1] "/links/groups/borgwardt/Data/DRIAMS/DRIAMS-E/raw/2019/05ff977e-a0a9-4712-b783-ed061e3d96fb.txt"


144
/links/groups/borgwardt/Data/maldi_repetitions/sa_ec/usb_ec_sa_spectra/E. coli Spektrum/06d73e8b-a09f-41d3-917a-ca8b0c0af402/0_C11/1/1SLin/fid
[1] "06d73e8b-a09f-41d3-917a-ca8b0c0af402"
[1] "/links/groups/borgwardt/Data/DRIAMS/DRIAMS-E/raw/2019/06d73e8b-a09f-41d3-917a-ca8b0c0af402.txt"


145
/links/groups/borgwardt/Data/maldi_repetitions/sa_ec/usb_ec_sa_spectra/E. coli Spektrum/0736bb1d-8193-428e-a4aa-d56a8a6b7f74/0_C10/1/1SLin/fid
[1] "0736bb1d-8193-428e-a4aa-d56a8a6b7f74"
[1] "/links/groups/borgwardt/Data/DRIAMS/DRIAMS-E/raw/2019/0736bb1d-8193-428e-a4aa-d56a8a6b7f74.txt"


146
/links/groups/borgwardt/Data/maldi_repetitions/sa_ec/usb_ec_sa_spectra/E. coli Spektrum/0cfb3eb7-45a0-4655-8dea-df93f885d157/0_C12/1/1SLin/fid
[1] "0cfb3eb7-45a0-4655-8dea-df93f885d157"
[1] "/links/groups/borgwardt/Data/DRIAMS/DRIAMS-E/raw/2019/0cfb3eb7-45a0-4655-8dea-df93f885d157.txt"


147
/links/groups/borgwardt/Data/maldi_repetitions/sa_ec/usb_ec_sa_spectra/E. coli Spektrum/130e1ce7-dbfe-48f6-a432-2ac19fd21bef/0_D7/1/1SLin/fid
[1] "130e1ce7-dbfe-48f6-a432-2ac19fd21bef"
[1] "/links/groups/borgwardt/Data/DRIAMS/DRIAMS-E/raw/2019/130e1ce7-dbfe-48f6-a432-2ac19fd21bef.txt"


148
/links/groups/borgwardt/Data/maldi_repetitions/sa_ec/usb_ec_sa_spectra/E. coli Spektrum/14e0ac21-7dfb-478f-95fd-0a23c03ad538/0_G9/1/1SLin/fid
[1] "14e0ac21-7dfb-478f-95fd-0a23c03ad538"
[1] "/links/groups/borgwardt/Data/DRIAMS/DRIAMS-E/raw/2019/14e0ac21-7dfb-478f-95fd-0a23c03ad538.txt"


149
/links/groups/borgwardt/Data/maldi_repetitions/sa_ec/usb_ec_sa_spectra/E. coli Spektrum/1c76fadb-e238-4112-8c86-b33bfa47322a/0_F9/1/1SLin/fid
[1] "1c76fadb-e238-4112-8c86-b33bfa47322a"
[1] "/links/groups/borgwardt/Data/DRIAMS/DRIAMS-E/raw/2019/1c76fadb-e238-4112-8c86-b33bfa47322a.txt"


150
/links/groups/borgwardt/Data/maldi_repetitions/sa_ec/usb_ec_sa_spectra/E. coli Spektrum/1cd4e792-1856-4685-9e49-b102d4a5e9cb/0_F6/1/1SLin/fid
[1] "1cd4e792-1856-4685-9e49-b102d4a5e9cb"
[1] "/links/groups/borgwardt/Data/DRIAMS/DRIAMS-E/raw/2019/1cd4e792-1856-4685-9e49-b102d4a5e9cb.txt"


151
/links/groups/borgwardt/Data/maldi_repetitions/sa_ec/usb_ec_sa_spectra/E. coli Spektrum/2a66d920-9cb8-45e1-a83e-4c034952654c/0_G7/1/1SLin/fid
[1] "2a66d920-9cb8-45e1-a83e-4c034952654c"
[1] "/links/groups/borgwardt/Data/DRIAMS/DRIAMS-E/raw/2019/2a66d920-9cb8-45e1-a83e-4c034952654c.txt"


152
/links/groups/borgwardt/Data/maldi_repetitions/sa_ec/usb_ec_sa_spectra/E. coli Spektrum/2fe73c92-fa42-42d7-a3e6-e56c966e9675/0_D11/1/1SLin/fid
[1] "2fe73c92-fa42-42d7-a3e6-e56c966e9675"
[1] "/links/groups/borgwardt/Data/DRIAMS/DRIAMS-E/raw/2019/2fe73c92-fa42-42d7-a3e6-e56c966e9675.txt"


153
/links/groups/borgwardt/Data/maldi_repetitions/sa_ec/usb_ec_sa_spectra/E. coli Spektrum/325a8b7b-4668-49ef-967b-addc9a93aa67/0_D9/1/1SLin/fid
[1] "325a8b7b-4668-49ef-967b-addc9a93aa67"
[1] "/links/groups/borgwardt/Data/DRIAMS/DRIAMS-E/raw/2019/325a8b7b-4668-49ef-967b-addc9a93aa67.txt"


154
/links/groups/borgwardt/Data/maldi_repetitions/sa_ec/usb_ec_sa_spectra/E. coli Spektrum/452c4040-7916-4772-915b-95119fca6b42/0_G5/1/1SLin/fid
[1] "452c4040-7916-4772-915b-95119fca6b42"
[1] "/links/groups/borgwardt/Data/DRIAMS/DRIAMS-E/raw/2019/452c4040-7916-4772-915b-95119fca6b42.txt"


155
/links/groups/borgwardt/Data/maldi_repetitions/sa_ec/usb_ec_sa_spectra/E. coli Spektrum/48aab2a2-edca-45f9-afcc-ad62059f8432/0_C7/1/1SLin/fid
[1] "48aab2a2-edca-45f9-afcc-ad62059f8432"
[1] "/links/groups/borgwardt/Data/DRIAMS/DRIAMS-E/raw/2019/48aab2a2-edca-45f9-afcc-ad62059f8432.txt"


156
/links/groups/borgwardt/Data/maldi_repetitions/sa_ec/usb_ec_sa_spectra/E. coli Spektrum/4aaf5570-c3ed-4f7c-9cce-809bf55135fc/0_C8/1/1SLin/fid
[1] "4aaf5570-c3ed-4f7c-9cce-809bf55135fc"
[1] "/links/groups/borgwardt/Data/DRIAMS/DRIAMS-E/raw/2019/4aaf5570-c3ed-4f7c-9cce-809bf55135fc.txt"


157
/links/groups/borgwardt/Data/maldi_repetitions/sa_ec/usb_ec_sa_spectra/E. coli Spektrum/4ac5e6af-6548-4b6a-9e6b-3ecbfd68c771/0_D10/1/1SLin/fid
[1] "4ac5e6af-6548-4b6a-9e6b-3ecbfd68c771"
[1] "/links/groups/borgwardt/Data/DRIAMS/DRIAMS-E/raw/2019/4ac5e6af-6548-4b6a-9e6b-3ecbfd68c771.txt"


158
/links/groups/borgwardt/Data/maldi_repetitions/sa_ec/usb_ec_sa_spectra/E. coli Spektrum/4b6e5554-cd55-4d2a-83c6-6e3c22350c98/0_D5/1/1SLin/fid
[1] "4b6e5554-cd55-4d2a-83c6-6e3c22350c98"
[1] "/links/groups/borgwardt/Data/DRIAMS/DRIAMS-E/raw/2019/4b6e5554-cd55-4d2a-83c6-6e3c22350c98.txt"


159
/links/groups/borgwardt/Data/maldi_repetitions/sa_ec/usb_ec_sa_spectra/E. coli Spektrum/4deab672-7d04-4884-b2bd-961e48914816/0_F4/1/1SLin/fid
[1] "4deab672-7d04-4884-b2bd-961e48914816"
[1] "/links/groups/borgwardt/Data/DRIAMS/DRIAMS-E/raw/2019/4deab672-7d04-4884-b2bd-961e48914816.txt"


160
/links/groups/borgwardt/Data/maldi_repetitions/sa_ec/usb_ec_sa_spectra/E. coli Spektrum/4e372b53-9cac-41e8-a068-7f37ec95395b/0_D2/1/1SLin/fid
[1] "4e372b53-9cac-41e8-a068-7f37ec95395b"
[1] "/links/groups/borgwardt/Data/DRIAMS/DRIAMS-E/raw/2019/4e372b53-9cac-41e8-a068-7f37ec95395b.txt"


161
/links/groups/borgwardt/Data/maldi_repetitions/sa_ec/usb_ec_sa_spectra/E. coli Spektrum/527609ff-4f32-4ed4-b839-5c292ce3318f/0_E4/1/1SLin/fid
[1] "527609ff-4f32-4ed4-b839-5c292ce3318f"
[1] "/links/groups/borgwardt/Data/DRIAMS/DRIAMS-E/raw/2019/527609ff-4f32-4ed4-b839-5c292ce3318f.txt"


162
/links/groups/borgwardt/Data/maldi_repetitions/sa_ec/usb_ec_sa_spectra/E. coli Spektrum/57d6bd96-e1c6-4084-89f5-0f84641b9641/0_G10/1/1SLin/fid
[1] "57d6bd96-e1c6-4084-89f5-0f84641b9641"
[1] "/links/groups/borgwardt/Data/DRIAMS/DRIAMS-E/raw/2019/57d6bd96-e1c6-4084-89f5-0f84641b9641.txt"


163
/links/groups/borgwardt/Data/maldi_repetitions/sa_ec/usb_ec_sa_spectra/E. coli Spektrum/580d315c-33cc-409e-86d5-4d469e2cb87a/0_E1/1/1SLin/fid
[1] "580d315c-33cc-409e-86d5-4d469e2cb87a"
[1] "/links/groups/borgwardt/Data/DRIAMS/DRIAMS-E/raw/2019/580d315c-33cc-409e-86d5-4d469e2cb87a.txt"


164
/links/groups/borgwardt/Data/maldi_repetitions/sa_ec/usb_ec_sa_spectra/E. coli Spektrum/5ae06607-6273-49fa-a9e9-5541abd65168/0_F5/1/1SLin/fid
[1] "5ae06607-6273-49fa-a9e9-5541abd65168"
[1] "/links/groups/borgwardt/Data/DRIAMS/DRIAMS-E/raw/2019/5ae06607-6273-49fa-a9e9-5541abd65168.txt"


165
/links/groups/borgwardt/Data/maldi_repetitions/sa_ec/usb_ec_sa_spectra/E. coli Spektrum/6192349d-8146-4c86-9489-4bbd76c91753/0_F11/1/1SLin/fid
[1] "6192349d-8146-4c86-9489-4bbd76c91753"
[1] "/links/groups/borgwardt/Data/DRIAMS/DRIAMS-E/raw/2019/6192349d-8146-4c86-9489-4bbd76c91753.txt"


166
/links/groups/borgwardt/Data/maldi_repetitions/sa_ec/usb_ec_sa_spectra/E. coli Spektrum/6223145e-14d5-48ba-a4b3-6ef507d150a2/0_E2/1/1SLin/fid
[1] "6223145e-14d5-48ba-a4b3-6ef507d150a2"
[1] "/links/groups/borgwardt/Data/DRIAMS/DRIAMS-E/raw/2019/6223145e-14d5-48ba-a4b3-6ef507d150a2.txt"


167
/links/groups/borgwardt/Data/maldi_repetitions/sa_ec/usb_ec_sa_spectra/E. coli Spektrum/6cdcf0a6-e59e-43da-9e4b-7adaa4a0130e/0_E9/1/1SLin/fid
[1] "6cdcf0a6-e59e-43da-9e4b-7adaa4a0130e"
[1] "/links/groups/borgwardt/Data/DRIAMS/DRIAMS-E/raw/2019/6cdcf0a6-e59e-43da-9e4b-7adaa4a0130e.txt"


168
/links/groups/borgwardt/Data/maldi_repetitions/sa_ec/usb_ec_sa_spectra/E. coli Spektrum/6ddb0cb3-cda3-490f-86fd-6251b7547733/0_E8/1/1SLin/fid
[1] "6ddb0cb3-cda3-490f-86fd-6251b7547733"
[1] "/links/groups/borgwardt/Data/DRIAMS/DRIAMS-E/raw/2019/6ddb0cb3-cda3-490f-86fd-6251b7547733.txt"


169
/links/groups/borgwardt/Data/maldi_repetitions/sa_ec/usb_ec_sa_spectra/E. coli Spektrum/6e054fb9-5af3-4f5f-9b09-998950c546fc/0_D12/1/1SLin/fid
[1] "6e054fb9-5af3-4f5f-9b09-998950c546fc"
[1] "/links/groups/borgwardt/Data/DRIAMS/DRIAMS-E/raw/2019/6e054fb9-5af3-4f5f-9b09-998950c546fc.txt"


170
/links/groups/borgwardt/Data/maldi_repetitions/sa_ec/usb_ec_sa_spectra/E. coli Spektrum/713a3b9a-4263-4e49-99d8-a0faa207fdca/0_D4/1/1SLin/fid
[1] "713a3b9a-4263-4e49-99d8-a0faa207fdca"
[1] "/links/groups/borgwardt/Data/DRIAMS/DRIAMS-E/raw/2019/713a3b9a-4263-4e49-99d8-a0faa207fdca.txt"


171
/links/groups/borgwardt/Data/maldi_repetitions/sa_ec/usb_ec_sa_spectra/E. coli Spektrum/7687bfb1-a62b-4547-9bf4-e4fb5a9a4388/0_F8/1/1SLin/fid
[1] "7687bfb1-a62b-4547-9bf4-e4fb5a9a4388"
[1] "/links/groups/borgwardt/Data/DRIAMS/DRIAMS-E/raw/2019/7687bfb1-a62b-4547-9bf4-e4fb5a9a4388.txt"


172
/links/groups/borgwardt/Data/maldi_repetitions/sa_ec/usb_ec_sa_spectra/E. coli Spektrum/7838e5aa-44be-4ab8-aaae-6592f23d950b/0_F7/1/1SLin/fid
[1] "7838e5aa-44be-4ab8-aaae-6592f23d950b"
[1] "/links/groups/borgwardt/Data/DRIAMS/DRIAMS-E/raw/2019/7838e5aa-44be-4ab8-aaae-6592f23d950b.txt"


173
/links/groups/borgwardt/Data/maldi_repetitions/sa_ec/usb_ec_sa_spectra/E. coli Spektrum/79a6d15b-3790-4563-b5e8-65b94f06b5e1/0_H2/1/1SLin/fid
[1] "79a6d15b-3790-4563-b5e8-65b94f06b5e1"
[1] "/links/groups/borgwardt/Data/DRIAMS/DRIAMS-E/raw/2019/79a6d15b-3790-4563-b5e8-65b94f06b5e1.txt"


174
/links/groups/borgwardt/Data/maldi_repetitions/sa_ec/usb_ec_sa_spectra/E. coli Spektrum/7f8de551-5223-4a2a-bfe9-c4edd81f83e1/0_E11/1/1SLin/fid
[1] "7f8de551-5223-4a2a-bfe9-c4edd81f83e1"
[1] "/links/groups/borgwardt/Data/DRIAMS/DRIAMS-E/raw/2019/7f8de551-5223-4a2a-bfe9-c4edd81f83e1.txt"


175
/links/groups/borgwardt/Data/maldi_repetitions/sa_ec/usb_ec_sa_spectra/E. coli Spektrum/821e1a31-38e0-487a-9216-cd8fafc5b92a/0_D1/1/1SLin/fid
[1] "821e1a31-38e0-487a-9216-cd8fafc5b92a"
[1] "/links/groups/borgwardt/Data/DRIAMS/DRIAMS-E/raw/2019/821e1a31-38e0-487a-9216-cd8fafc5b92a.txt"


176
/links/groups/borgwardt/Data/maldi_repetitions/sa_ec/usb_ec_sa_spectra/E. coli Spektrum/82a08853-d4a4-4d0e-8636-38981c020666/0_E12/1/1SLin/fid
[1] "82a08853-d4a4-4d0e-8636-38981c020666"
[1] "/links/groups/borgwardt/Data/DRIAMS/DRIAMS-E/raw/2019/82a08853-d4a4-4d0e-8636-38981c020666.txt"


177
/links/groups/borgwardt/Data/maldi_repetitions/sa_ec/usb_ec_sa_spectra/E. coli Spektrum/82d8813a-0bd3-45b0-bd97-4a327522ed9b/0_G12/1/1SLin/fid
[1] "82d8813a-0bd3-45b0-bd97-4a327522ed9b"
[1] "/links/groups/borgwardt/Data/DRIAMS/DRIAMS-E/raw/2019/82d8813a-0bd3-45b0-bd97-4a327522ed9b.txt"


178
/links/groups/borgwardt/Data/maldi_repetitions/sa_ec/usb_ec_sa_spectra/E. coli Spektrum/84756376-8e35-4939-a1c0-4231d98c6508/0_D3/1/1SLin/fid
[1] "84756376-8e35-4939-a1c0-4231d98c6508"
[1] "/links/groups/borgwardt/Data/DRIAMS/DRIAMS-E/raw/2019/84756376-8e35-4939-a1c0-4231d98c6508.txt"


179
/links/groups/borgwardt/Data/maldi_repetitions/sa_ec/usb_ec_sa_spectra/E. coli Spektrum/86a53d2f-b044-46b1-9bdb-d827d8681e2c/0_G3/1/1SLin/fid
[1] "86a53d2f-b044-46b1-9bdb-d827d8681e2c"
[1] "/links/groups/borgwardt/Data/DRIAMS/DRIAMS-E/raw/2019/86a53d2f-b044-46b1-9bdb-d827d8681e2c.txt"


180
/links/groups/borgwardt/Data/maldi_repetitions/sa_ec/usb_ec_sa_spectra/E. coli Spektrum/8b3c9148-698f-494a-97ef-9ad818c485cf/0_E10/1/1SLin/fid
[1] "8b3c9148-698f-494a-97ef-9ad818c485cf"
[1] "/links/groups/borgwardt/Data/DRIAMS/DRIAMS-E/raw/2019/8b3c9148-698f-494a-97ef-9ad818c485cf.txt"


181
/links/groups/borgwardt/Data/maldi_repetitions/sa_ec/usb_ec_sa_spectra/E. coli Spektrum/8cc49516-9ee0-4ad8-b1b9-70796c933a69/0_G4/1/1SLin/fid
[1] "8cc49516-9ee0-4ad8-b1b9-70796c933a69"
[1] "/links/groups/borgwardt/Data/DRIAMS/DRIAMS-E/raw/2019/8cc49516-9ee0-4ad8-b1b9-70796c933a69.txt"


182
/links/groups/borgwardt/Data/maldi_repetitions/sa_ec/usb_ec_sa_spectra/E. coli Spektrum/9468ee7d-f3dc-4a96-93da-7437a5d53d00/0_D6/1/1SLin/fid
[1] "9468ee7d-f3dc-4a96-93da-7437a5d53d00"
[1] "/links/groups/borgwardt/Data/DRIAMS/DRIAMS-E/raw/2019/9468ee7d-f3dc-4a96-93da-7437a5d53d00.txt"


183
/links/groups/borgwardt/Data/maldi_repetitions/sa_ec/usb_ec_sa_spectra/E. coli Spektrum/9b7ad287-5cf2-47f4-b112-16c3e7826ab2/0_H1/1/1SLin/fid
[1] "9b7ad287-5cf2-47f4-b112-16c3e7826ab2"
[1] "/links/groups/borgwardt/Data/DRIAMS/DRIAMS-E/raw/2019/9b7ad287-5cf2-47f4-b112-16c3e7826ab2.txt"


184
/links/groups/borgwardt/Data/maldi_repetitions/sa_ec/usb_ec_sa_spectra/E. coli Spektrum/9fa9c03e-937d-490c-9f97-8b4c06b53082/0_F10/1/1SLin/fid
[1] "9fa9c03e-937d-490c-9f97-8b4c06b53082"
[1] "/links/groups/borgwardt/Data/DRIAMS/DRIAMS-E/raw/2019/9fa9c03e-937d-490c-9f97-8b4c06b53082.txt"


185
/links/groups/borgwardt/Data/maldi_repetitions/sa_ec/usb_ec_sa_spectra/E. coli Spektrum/a0466e5d-dc33-445d-8051-1553ada290b5/0_G8/1/1SLin/fid
[1] "a0466e5d-dc33-445d-8051-1553ada290b5"
[1] "/links/groups/borgwardt/Data/DRIAMS/DRIAMS-E/raw/2019/a0466e5d-dc33-445d-8051-1553ada290b5.txt"


186
/links/groups/borgwardt/Data/maldi_repetitions/sa_ec/usb_ec_sa_spectra/E. coli Spektrum/aee87bd0-6491-40b8-8528-bc10df488ab7/0_F2/1/1SLin/fid
[1] "aee87bd0-6491-40b8-8528-bc10df488ab7"
[1] "/links/groups/borgwardt/Data/DRIAMS/DRIAMS-E/raw/2019/aee87bd0-6491-40b8-8528-bc10df488ab7.txt"


187
/links/groups/borgwardt/Data/maldi_repetitions/sa_ec/usb_ec_sa_spectra/E. coli Spektrum/b0fe76dc-065b-41bf-b8a9-c0f8767a0f1d/0_G11/1/1SLin/fid
[1] "b0fe76dc-065b-41bf-b8a9-c0f8767a0f1d"
[1] "/links/groups/borgwardt/Data/DRIAMS/DRIAMS-E/raw/2019/b0fe76dc-065b-41bf-b8a9-c0f8767a0f1d.txt"


188
/links/groups/borgwardt/Data/maldi_repetitions/sa_ec/usb_ec_sa_spectra/E. coli Spektrum/b10f1b58-ae82-4a1d-be2a-c48ab2069cfa/0_F12/1/1SLin/fid
[1] "b10f1b58-ae82-4a1d-be2a-c48ab2069cfa"
[1] "/links/groups/borgwardt/Data/DRIAMS/DRIAMS-E/raw/2019/b10f1b58-ae82-4a1d-be2a-c48ab2069cfa.txt"


189
/links/groups/borgwardt/Data/maldi_repetitions/sa_ec/usb_ec_sa_spectra/E. coli Spektrum/b29fe357-824c-4f23-ae1b-94470ad7318c/0_F3/1/1SLin/fid
[1] "b29fe357-824c-4f23-ae1b-94470ad7318c"
[1] "/links/groups/borgwardt/Data/DRIAMS/DRIAMS-E/raw/2019/b29fe357-824c-4f23-ae1b-94470ad7318c.txt"


190
/links/groups/borgwardt/Data/maldi_repetitions/sa_ec/usb_ec_sa_spectra/E. coli Spektrum/b750c60a-1b51-4a55-90e2-9778b9871dc6/0_E3/1/1SLin/fid
[1] "b750c60a-1b51-4a55-90e2-9778b9871dc6"
[1] "/links/groups/borgwardt/Data/DRIAMS/DRIAMS-E/raw/2019/b750c60a-1b51-4a55-90e2-9778b9871dc6.txt"


191
/links/groups/borgwardt/Data/maldi_repetitions/sa_ec/usb_ec_sa_spectra/E. coli Spektrum/b89ae276-1f78-4d95-b792-3cb11078f255/0_G1/1/1SLin/fid
[1] "b89ae276-1f78-4d95-b792-3cb11078f255"
[1] "/links/groups/borgwardt/Data/DRIAMS/DRIAMS-E/raw/2019/b89ae276-1f78-4d95-b792-3cb11078f255.txt"


192
/links/groups/borgwardt/Data/maldi_repetitions/sa_ec/usb_ec_sa_spectra/E. coli Spektrum/be3d4708-7f30-461d-bea7-9358bc0fcb7f/0_F1/1/1SLin/fid
[1] "be3d4708-7f30-461d-bea7-9358bc0fcb7f"
[1] "/links/groups/borgwardt/Data/DRIAMS/DRIAMS-E/raw/2019/be3d4708-7f30-461d-bea7-9358bc0fcb7f.txt"


193
/links/groups/borgwardt/Data/maldi_repetitions/sa_ec/usb_ec_sa_spectra/E. coli Spektrum/c194fb4f-f722-4349-808b-ce34da10f66b/0_G2/1/1SLin/fid
[1] "c194fb4f-f722-4349-808b-ce34da10f66b"
[1] "/links/groups/borgwardt/Data/DRIAMS/DRIAMS-E/raw/2019/c194fb4f-f722-4349-808b-ce34da10f66b.txt"


194
/links/groups/borgwardt/Data/maldi_repetitions/sa_ec/usb_ec_sa_spectra/E. coli Spektrum/c2c4107e-c139-40d0-9d92-594e4d016ffb/0_E6/1/1SLin/fid
[1] "c2c4107e-c139-40d0-9d92-594e4d016ffb"
[1] "/links/groups/borgwardt/Data/DRIAMS/DRIAMS-E/raw/2019/c2c4107e-c139-40d0-9d92-594e4d016ffb.txt"


195
/links/groups/borgwardt/Data/maldi_repetitions/sa_ec/usb_ec_sa_spectra/E. coli Spektrum/d6ae3a98-c3c0-4c7f-ac5f-f0e1c9f23b73/0_C6/1/1SLin/fid
[1] "d6ae3a98-c3c0-4c7f-ac5f-f0e1c9f23b73"
[1] "/links/groups/borgwardt/Data/DRIAMS/DRIAMS-E/raw/2019/d6ae3a98-c3c0-4c7f-ac5f-f0e1c9f23b73.txt"


196
/links/groups/borgwardt/Data/maldi_repetitions/sa_ec/usb_ec_sa_spectra/E. coli Spektrum/de498dbe-59ca-4769-8e3c-d0077055bc6e/0_E5/1/1SLin/fid
[1] "de498dbe-59ca-4769-8e3c-d0077055bc6e"
[1] "/links/groups/borgwardt/Data/DRIAMS/DRIAMS-E/raw/2019/de498dbe-59ca-4769-8e3c-d0077055bc6e.txt"


197
/links/groups/borgwardt/Data/maldi_repetitions/sa_ec/usb_ec_sa_spectra/E. coli Spektrum/ea1e4c3b-f361-4232-a62f-af248575e874/0_E7/1/1SLin/fid
[1] "ea1e4c3b-f361-4232-a62f-af248575e874"
[1] "/links/groups/borgwardt/Data/DRIAMS/DRIAMS-E/raw/2019/ea1e4c3b-f361-4232-a62f-af248575e874.txt"


198
/links/groups/borgwardt/Data/maldi_repetitions/sa_ec/usb_ec_sa_spectra/E. coli Spektrum/ec5a355c-433e-42e0-995b-2252a4befd2f/0_G6/1/1SLin/fid
[1] "ec5a355c-433e-42e0-995b-2252a4befd2f"
[1] "/links/groups/borgwardt/Data/DRIAMS/DRIAMS-E/raw/2019/ec5a355c-433e-42e0-995b-2252a4befd2f.txt"


199
/links/groups/borgwardt/Data/maldi_repetitions/sa_ec/usb_ec_sa_spectra/E. coli Spektrum/f0ad125c-3793-411f-9ca8-52800f648006/0_D8/1/1SLin/fid
[1] "f0ad125c-3793-411f-9ca8-52800f648006"
[1] "/links/groups/borgwardt/Data/DRIAMS/DRIAMS-E/raw/2019/f0ad125c-3793-411f-9ca8-52800f648006.txt"


200
/links/groups/borgwardt/Data/maldi_repetitions/sa_ec/usb_ec_sa_spectra/S. aureus Spektrum/01e3b1be-c29a-4560-9282-fb6e8d3d1715/0_B6/1/1SLin/fid
[1] "01e3b1be-c29a-4560-9282-fb6e8d3d1715"
[1] "/links/groups/borgwardt/Data/DRIAMS/DRIAMS-E/raw/2019/01e3b1be-c29a-4560-9282-fb6e8d3d1715.txt"


201
/links/groups/borgwardt/Data/maldi_repetitions/sa_ec/usb_ec_sa_spectra/S. aureus Spektrum/05c6fa2a-b992-4626-a809-f8bd59f482d8/0_A8/1/1SLin/fid
[1] "05c6fa2a-b992-4626-a809-f8bd59f482d8"
[1] "/links/groups/borgwardt/Data/DRIAMS/DRIAMS-E/raw/2019/05c6fa2a-b992-4626-a809-f8bd59f482d8.txt"


202
/links/groups/borgwardt/Data/maldi_repetitions/sa_ec/usb_ec_sa_spectra/S. aureus Spektrum/0eba8c2d-4e7e-4f36-b3ff-3d9be42e4ed1/0_B12/1/1SLin/fid
[1] "0eba8c2d-4e7e-4f36-b3ff-3d9be42e4ed1"
[1] "/links/groups/borgwardt/Data/DRIAMS/DRIAMS-E/raw/2019/0eba8c2d-4e7e-4f36-b3ff-3d9be42e4ed1.txt"


203
/links/groups/borgwardt/Data/maldi_repetitions/sa_ec/usb_ec_sa_spectra/S. aureus Spektrum/1ec74f60-034f-49a1-9f4a-437dffaf5b3c/0_B1/1/1SLin/fid
[1] "1ec74f60-034f-49a1-9f4a-437dffaf5b3c"
[1] "/links/groups/borgwardt/Data/DRIAMS/DRIAMS-E/raw/2019/1ec74f60-034f-49a1-9f4a-437dffaf5b3c.txt"


204
/links/groups/borgwardt/Data/maldi_repetitions/sa_ec/usb_ec_sa_spectra/S. aureus Spektrum/1f0edf4f-1227-4bb0-bcb1-caf868b6e952/0_A9/1/1SLin/fid
[1] "1f0edf4f-1227-4bb0-bcb1-caf868b6e952"
[1] "/links/groups/borgwardt/Data/DRIAMS/DRIAMS-E/raw/2019/1f0edf4f-1227-4bb0-bcb1-caf868b6e952.txt"


205
/links/groups/borgwardt/Data/maldi_repetitions/sa_ec/usb_ec_sa_spectra/S. aureus Spektrum/291b09d4-0748-4735-8ee1-f59fae80b919/0_A12/1/1SLin/fid
[1] "291b09d4-0748-4735-8ee1-f59fae80b919"
[1] "/links/groups/borgwardt/Data/DRIAMS/DRIAMS-E/raw/2019/291b09d4-0748-4735-8ee1-f59fae80b919.txt"


206
/links/groups/borgwardt/Data/maldi_repetitions/sa_ec/usb_ec_sa_spectra/S. aureus Spektrum/2f7160b1-d0d3-44ed-9d10-6dfc42e1016b/0_B4/1/1SLin/fid
[1] "2f7160b1-d0d3-44ed-9d10-6dfc42e1016b"
[1] "/links/groups/borgwardt/Data/DRIAMS/DRIAMS-E/raw/2019/2f7160b1-d0d3-44ed-9d10-6dfc42e1016b.txt"


207
/links/groups/borgwardt/Data/maldi_repetitions/sa_ec/usb_ec_sa_spectra/S. aureus Spektrum/3e2603d7-c416-4308-80f5-dbf12dbc01eb/0_B9/1/1SLin/fid
[1] "3e2603d7-c416-4308-80f5-dbf12dbc01eb"
[1] "/links/groups/borgwardt/Data/DRIAMS/DRIAMS-E/raw/2019/3e2603d7-c416-4308-80f5-dbf12dbc01eb.txt"


208
/links/groups/borgwardt/Data/maldi_repetitions/sa_ec/usb_ec_sa_spectra/S. aureus Spektrum/5554dafc-ea8c-4a5c-9481-94a5397e41fe/0_C2/1/1SLin/fid
[1] "5554dafc-ea8c-4a5c-9481-94a5397e41fe"
[1] "/links/groups/borgwardt/Data/DRIAMS/DRIAMS-E/raw/2019/5554dafc-ea8c-4a5c-9481-94a5397e41fe.txt"


209
/links/groups/borgwardt/Data/maldi_repetitions/sa_ec/usb_ec_sa_spectra/S. aureus Spektrum/59a9471c-4e86-4c65-ab80-9394981189a4/0_A7/1/1SLin/fid
[1] "59a9471c-4e86-4c65-ab80-9394981189a4"
[1] "/links/groups/borgwardt/Data/DRIAMS/DRIAMS-E/raw/2019/59a9471c-4e86-4c65-ab80-9394981189a4.txt"


210
/links/groups/borgwardt/Data/maldi_repetitions/sa_ec/usb_ec_sa_spectra/S. aureus Spektrum/5d9621f2-d336-49a4-92c7-4ef37020b88c/0_A10/1/1SLin/fid
[1] "5d9621f2-d336-49a4-92c7-4ef37020b88c"
[1] "/links/groups/borgwardt/Data/DRIAMS/DRIAMS-E/raw/2019/5d9621f2-d336-49a4-92c7-4ef37020b88c.txt"


211
/links/groups/borgwardt/Data/maldi_repetitions/sa_ec/usb_ec_sa_spectra/S. aureus Spektrum/61af2e54-f964-42fc-ae5f-aa5fc9fe5ba2/0_A4/1/1SLin/fid
[1] "61af2e54-f964-42fc-ae5f-aa5fc9fe5ba2"
[1] "/links/groups/borgwardt/Data/DRIAMS/DRIAMS-E/raw/2019/61af2e54-f964-42fc-ae5f-aa5fc9fe5ba2.txt"


212
/links/groups/borgwardt/Data/maldi_repetitions/sa_ec/usb_ec_sa_spectra/S. aureus Spektrum/636c62cc-3da0-476f-80a8-588ddd08194c/0_C6/1/1SLin/fid
[1] "636c62cc-3da0-476f-80a8-588ddd08194c"
[1] "/links/groups/borgwardt/Data/DRIAMS/DRIAMS-E/raw/2019/636c62cc-3da0-476f-80a8-588ddd08194c.txt"


213
/links/groups/borgwardt/Data/maldi_repetitions/sa_ec/usb_ec_sa_spectra/S. aureus Spektrum/6ff5bf60-9fb6-4639-b1b7-af4c658f8869/0_A2/1/1SLin/fid
[1] "6ff5bf60-9fb6-4639-b1b7-af4c658f8869"
[1] "/links/groups/borgwardt/Data/DRIAMS/DRIAMS-E/raw/2019/6ff5bf60-9fb6-4639-b1b7-af4c658f8869.txt"


214
/links/groups/borgwardt/Data/maldi_repetitions/sa_ec/usb_ec_sa_spectra/S. aureus Spektrum/8161aaaa-bd48-4fb5-aed3-6a4f050fbc5c/0_C5/1/1SLin/fid
[1] "8161aaaa-bd48-4fb5-aed3-6a4f050fbc5c"
[1] "/links/groups/borgwardt/Data/DRIAMS/DRIAMS-E/raw/2019/8161aaaa-bd48-4fb5-aed3-6a4f050fbc5c.txt"


215
/links/groups/borgwardt/Data/maldi_repetitions/sa_ec/usb_ec_sa_spectra/S. aureus Spektrum/81702526-f06f-4ab8-a38e-40f773b8e7ed/0_B8/1/1SLin/fid
[1] "81702526-f06f-4ab8-a38e-40f773b8e7ed"
[1] "/links/groups/borgwardt/Data/DRIAMS/DRIAMS-E/raw/2019/81702526-f06f-4ab8-a38e-40f773b8e7ed.txt"


216
/links/groups/borgwardt/Data/maldi_repetitions/sa_ec/usb_ec_sa_spectra/S. aureus Spektrum/8bc2a5ef-e499-482c-bbf5-4f9b0dc42268/0_C1/1/1SLin/fid
[1] "8bc2a5ef-e499-482c-bbf5-4f9b0dc42268"
[1] "/links/groups/borgwardt/Data/DRIAMS/DRIAMS-E/raw/2019/8bc2a5ef-e499-482c-bbf5-4f9b0dc42268.txt"


217
/links/groups/borgwardt/Data/maldi_repetitions/sa_ec/usb_ec_sa_spectra/S. aureus Spektrum/8da6078b-7784-41f1-918c-3db78213056e/0_B2/1/1SLin/fid
[1] "8da6078b-7784-41f1-918c-3db78213056e"
[1] "/links/groups/borgwardt/Data/DRIAMS/DRIAMS-E/raw/2019/8da6078b-7784-41f1-918c-3db78213056e.txt"


218
/links/groups/borgwardt/Data/maldi_repetitions/sa_ec/usb_ec_sa_spectra/S. aureus Spektrum/9a2dbf36-9df1-4783-a1bf-d459b4941678/0_C7/1/1SLin/fid
[1] "9a2dbf36-9df1-4783-a1bf-d459b4941678"
[1] "/links/groups/borgwardt/Data/DRIAMS/DRIAMS-E/raw/2019/9a2dbf36-9df1-4783-a1bf-d459b4941678.txt"


219
/links/groups/borgwardt/Data/maldi_repetitions/sa_ec/usb_ec_sa_spectra/S. aureus Spektrum/9d7b101c-692f-43c5-9cea-14e482fff380/0_B3/1/1SLin/fid
[1] "9d7b101c-692f-43c5-9cea-14e482fff380"
[1] "/links/groups/borgwardt/Data/DRIAMS/DRIAMS-E/raw/2019/9d7b101c-692f-43c5-9cea-14e482fff380.txt"


220
/links/groups/borgwardt/Data/maldi_repetitions/sa_ec/usb_ec_sa_spectra/S. aureus Spektrum/9f1d83ae-f50e-4f28-a70a-14142ffdaf2d/0_A3/1/1SLin/fid
[1] "9f1d83ae-f50e-4f28-a70a-14142ffdaf2d"
[1] "/links/groups/borgwardt/Data/DRIAMS/DRIAMS-E/raw/2019/9f1d83ae-f50e-4f28-a70a-14142ffdaf2d.txt"


221
/links/groups/borgwardt/Data/maldi_repetitions/sa_ec/usb_ec_sa_spectra/S. aureus Spektrum/aa61e4bf-72a0-477d-b30d-2cf55084c3fd/0_A6/1/1SLin/fid
[1] "aa61e4bf-72a0-477d-b30d-2cf55084c3fd"
[1] "/links/groups/borgwardt/Data/DRIAMS/DRIAMS-E/raw/2019/aa61e4bf-72a0-477d-b30d-2cf55084c3fd.txt"


222
/links/groups/borgwardt/Data/maldi_repetitions/sa_ec/usb_ec_sa_spectra/S. aureus Spektrum/abd78134-a58e-440d-aefe-89284ff65ae2/0_B5/1/1SLin/fid
[1] "abd78134-a58e-440d-aefe-89284ff65ae2"
[1] "/links/groups/borgwardt/Data/DRIAMS/DRIAMS-E/raw/2019/abd78134-a58e-440d-aefe-89284ff65ae2.txt"


223
/links/groups/borgwardt/Data/maldi_repetitions/sa_ec/usb_ec_sa_spectra/S. aureus Spektrum/cc5bc678-78e9-4328-b4dd-72a3dac6e0ba/0_B10/1/1SLin/fid
[1] "cc5bc678-78e9-4328-b4dd-72a3dac6e0ba"
[1] "/links/groups/borgwardt/Data/DRIAMS/DRIAMS-E/raw/2019/cc5bc678-78e9-4328-b4dd-72a3dac6e0ba.txt"


224
/links/groups/borgwardt/Data/maldi_repetitions/sa_ec/usb_ec_sa_spectra/S. aureus Spektrum/cdd05533-c1a6-4594-af74-778e96ae461d/0_B11/1/1SLin/fid
[1] "cdd05533-c1a6-4594-af74-778e96ae461d"
[1] "/links/groups/borgwardt/Data/DRIAMS/DRIAMS-E/raw/2019/cdd05533-c1a6-4594-af74-778e96ae461d.txt"


225
/links/groups/borgwardt/Data/maldi_repetitions/sa_ec/usb_ec_sa_spectra/S. aureus Spektrum/d04fd80b-bda8-48a9-ab2f-8b89e38e7acf/0_A5/1/1SLin/fid
[1] "d04fd80b-bda8-48a9-ab2f-8b89e38e7acf"
[1] "/links/groups/borgwardt/Data/DRIAMS/DRIAMS-E/raw/2019/d04fd80b-bda8-48a9-ab2f-8b89e38e7acf.txt"


226
/links/groups/borgwardt/Data/maldi_repetitions/sa_ec/usb_ec_sa_spectra/S. aureus Spektrum/dd078f44-f33f-431a-931a-a3c8405c02d8/0_A11/1/1SLin/fid
[1] "dd078f44-f33f-431a-931a-a3c8405c02d8"
[1] "/links/groups/borgwardt/Data/DRIAMS/DRIAMS-E/raw/2019/dd078f44-f33f-431a-931a-a3c8405c02d8.txt"


227
/links/groups/borgwardt/Data/maldi_repetitions/sa_ec/usb_ec_sa_spectra/S. aureus Spektrum/eac52614-1e6c-4d9b-add7-7f5769fa74c4/0_C4/1/1SLin/fid
[1] "eac52614-1e6c-4d9b-add7-7f5769fa74c4"
[1] "/links/groups/borgwardt/Data/DRIAMS/DRIAMS-E/raw/2019/eac52614-1e6c-4d9b-add7-7f5769fa74c4.txt"


228
/links/groups/borgwardt/Data/maldi_repetitions/sa_ec/usb_ec_sa_spectra/S. aureus Spektrum/f7e4c4da-4f35-41eb-b831-c1b4dcce8176/0_A1/1/1SLin/fid
[1] "f7e4c4da-4f35-41eb-b831-c1b4dcce8176"
[1] "/links/groups/borgwardt/Data/DRIAMS/DRIAMS-E/raw/2019/f7e4c4da-4f35-41eb-b831-c1b4dcce8176.txt"


229
/links/groups/borgwardt/Data/maldi_repetitions/sa_ec/usb_ec_sa_spectra/S. aureus Spektrum/f835ee3c-fe64-4ba3-bef6-e6dbe5588557/0_B7/1/1SLin/fid
[1] "f835ee3c-fe64-4ba3-bef6-e6dbe5588557"
[1] "/links/groups/borgwardt/Data/DRIAMS/DRIAMS-E/raw/2019/f835ee3c-fe64-4ba3-bef6-e6dbe5588557.txt"


230
/links/groups/borgwardt/Data/maldi_repetitions/sa_ec/usb_ec_sa_spectra/S. aureus Spektrum/fa27cba9-82bf-44ce-8b4c-331d70fdac19/0_C3/1/1SLin/fid
[1] "fa27cba9-82bf-44ce-8b4c-331d70fdac19"
[1] "/links/groups/borgwardt/Data/DRIAMS/DRIAMS-E/raw/2019/fa27cba9-82bf-44ce-8b4c-331d70fdac19.txt"
[1] "number of files processed:"
[1] 228
[1] "number of no ID:"
[1] 2
[1] "Program finished!"
