[1] 21487


1
/links/groups/borgwardt/Data/ms_diagnostics/USB/spectra_folder_for_IDRES/2018/2018_m1/00a21915-3ef9-4024-af62-c8aff5e98920/8acf479d-f361-41a2-abf4-625d91108657/0_D12/1/1SLin/fid
NULL
[1] "8acf479d-f361-41a2-abf4-625d91108657"
[1] "/links/groups/borgwardt/Data/DRIAMS/DRIAMS-A/raw/20188acf479d-f361-41a2-abf4-625d91108657_MALDI1_raw.txt"


2
/links/groups/borgwardt/Data/ms_diagnostics/USB/spectra_folder_for_IDRES/2018/2018_m1/00cf503e-6bc3-43de-ba1a-d8e116388fc4/01bff12b-ca5a-4987-8ab9-5f7e61147c0a/0_G11/1/1SLin/fid
NULL
[1] "01bff12b-ca5a-4987-8ab9-5f7e61147c0a"
[1] "/links/groups/borgwardt/Data/DRIAMS/DRIAMS-A/raw/201801bff12b-ca5a-4987-8ab9-5f7e61147c0a_MALDI1_raw.txt"


3
/links/groups/borgwardt/Data/ms_diagnostics/USB/spectra_folder_for_IDRES/2018/2018_m1/00cf503e-6bc3-43de-ba1a-d8e116388fc4/214bd55c-eb36-40a8-9883-4003baf0e289/0_H1/1/1SLin/fid
NULL
[1] "214bd55c-eb36-40a8-9883-4003baf0e289"
[1] "/links/groups/borgwardt/Data/DRIAMS/DRIAMS-A/raw/2018214bd55c-eb36-40a8-9883-4003baf0e289_MALDI1_raw.txt"


4
/links/groups/borgwardt/Data/ms_diagnostics/USB/spectra_folder_for_IDRES/2018/2018_m1/00cf503e-6bc3-43de-ba1a-d8e116388fc4/91d0cc5a-030d-45d8-b48b-bd930bf3b788/0_G12/1/1SLin/fid
NULL
[1] "91d0cc5a-030d-45d8-b48b-bd930bf3b788"
[1] "/links/groups/borgwardt/Data/DRIAMS/DRIAMS-A/raw/201891d0cc5a-030d-45d8-b48b-bd930bf3b788_MALDI1_raw.txt"


5
/links/groups/borgwardt/Data/ms_diagnostics/USB/spectra_folder_for_IDRES/2018/2018_m1/00cf503e-6bc3-43de-ba1a-d8e116388fc4/cf24d21d-9f43-4d69-a230-f6e88e50c3d1/0_H2/1/1SLin/fid
NULL
[1] "cf24d21d-9f43-4d69-a230-f6e88e50c3d1"
[1] "/links/groups/borgwardt/Data/DRIAMS/DRIAMS-A/raw/2018cf24d21d-9f43-4d69-a230-f6e88e50c3d1_MALDI1_raw.txt"


6
/links/groups/borgwardt/Data/ms_diagnostics/USB/spectra_folder_for_IDRES/2018/2018_m1/00cf503e-6bc3-43de-ba1a-d8e116388fc4/d7a56cba-bb68-427f-a961-d12e7d6460c5/0_G10/1/1SLin/fid
NULL
[1] "d7a56cba-bb68-427f-a961-d12e7d6460c5"
[1] "/links/groups/borgwardt/Data/DRIAMS/DRIAMS-A/raw/2018d7a56cba-bb68-427f-a961-d12e7d6460c5_MALDI1_raw.txt"


7
/links/groups/borgwardt/Data/ms_diagnostics/USB/spectra_folder_for_IDRES/2018/2018_m1/00d18087-11ee-4d44-9f00-7b4d46d41bfb/243abd8e-116d-40da-9d34-c847754ef20f/0_B9/1/1SLin/fid
NULL
[1] "243abd8e-116d-40da-9d34-c847754ef20f"
[1] "/links/groups/borgwardt/Data/DRIAMS/DRIAMS-A/raw/2018243abd8e-116d-40da-9d34-c847754ef20f_MALDI1_raw.txt"


8
/links/groups/borgwardt/Data/ms_diagnostics/USB/spectra_folder_for_IDRES/2018/2018_m1/00d18087-11ee-4d44-9f00-7b4d46d41bfb/2a43ecf5-161c-43c2-b591-45c9f25b1f70/0_B3/1/1SLin/fid
NULL
[1] "2a43ecf5-161c-43c2-b591-45c9f25b1f70"
[1] "/links/groups/borgwardt/Data/DRIAMS/DRIAMS-A/raw/20182a43ecf5-161c-43c2-b591-45c9f25b1f70_MALDI1_raw.txt"


9
/links/groups/borgwardt/Data/ms_diagnostics/USB/spectra_folder_for_IDRES/2018/2018_m1/00d18087-11ee-4d44-9f00-7b4d46d41bfb/45c77588-047a-48ba-8413-9d51c900f705/0_B2/1/1SLin/fid
NULL
[1] "45c77588-047a-48ba-8413-9d51c900f705"
[1] "/links/groups/borgwardt/Data/DRIAMS/DRIAMS-A/raw/201845c77588-047a-48ba-8413-9d51c900f705_MALDI1_raw.txt"


10
/links/groups/borgwardt/Data/ms_diagnostics/USB/spectra_folder_for_IDRES/2018/2018_m1/00d18087-11ee-4d44-9f00-7b4d46d41bfb/4ca970b9-fda2-406a-a09a-2abf3da6bce1/0_B8/1/1SLin/fid
NULL
[1] "4ca970b9-fda2-406a-a09a-2abf3da6bce1"
[1] "/links/groups/borgwardt/Data/DRIAMS/DRIAMS-A/raw/20184ca970b9-fda2-406a-a09a-2abf3da6bce1_MALDI1_raw.txt"


11
/links/groups/borgwardt/Data/ms_diagnostics/USB/spectra_folder_for_IDRES/2018/2018_m1/00d18087-11ee-4d44-9f00-7b4d46d41bfb/4f780faf-f165-40ec-a59a-9fda995e36d8/0_B4/1/1SLin/fid
NULL
[1] "4f780faf-f165-40ec-a59a-9fda995e36d8"
[1] "/links/groups/borgwardt/Data/DRIAMS/DRIAMS-A/raw/20184f780faf-f165-40ec-a59a-9fda995e36d8_MALDI1_raw.txt"


12
/links/groups/borgwardt/Data/ms_diagnostics/USB/spectra_folder_for_IDRES/2018/2018_m1/00d18087-11ee-4d44-9f00-7b4d46d41bfb/5157aaf2-2000-40dc-a2f3-a8ccbfef217c/0_A12/1/1SLin/fid
NULL
[1] "5157aaf2-2000-40dc-a2f3-a8ccbfef217c"
[1] "/links/groups/borgwardt/Data/DRIAMS/DRIAMS-A/raw/20185157aaf2-2000-40dc-a2f3-a8ccbfef217c_MALDI1_raw.txt"


13
/links/groups/borgwardt/Data/ms_diagnostics/USB/spectra_folder_for_IDRES/2018/2018_m1/00d18087-11ee-4d44-9f00-7b4d46d41bfb/68ccce61-a19d-4e7e-b165-a0d8c01ebcf2/0_B12/1/1SLin/fid
NULL
[1] "68ccce61-a19d-4e7e-b165-a0d8c01ebcf2"
[1] "/links/groups/borgwardt/Data/DRIAMS/DRIAMS-A/raw/201868ccce61-a19d-4e7e-b165-a0d8c01ebcf2_MALDI1_raw.txt"


14
/links/groups/borgwardt/Data/ms_diagnostics/USB/spectra_folder_for_IDRES/2018/2018_m1/00d18087-11ee-4d44-9f00-7b4d46d41bfb/81dfcbd9-f1b3-4952-9ba0-30554168faf9/0_B7/1/1SLin/fid
NULL
[1] "81dfcbd9-f1b3-4952-9ba0-30554168faf9"
[1] "/links/groups/borgwardt/Data/DRIAMS/DRIAMS-A/raw/201881dfcbd9-f1b3-4952-9ba0-30554168faf9_MALDI1_raw.txt"


15
/links/groups/borgwardt/Data/ms_diagnostics/USB/spectra_folder_for_IDRES/2018/2018_m1/00d18087-11ee-4d44-9f00-7b4d46d41bfb/83890a40-1232-4ffc-9513-f563a82d556e/0_A10/1/1SLin/fid
NULL
[1] "83890a40-1232-4ffc-9513-f563a82d556e"
[1] "/links/groups/borgwardt/Data/DRIAMS/DRIAMS-A/raw/201883890a40-1232-4ffc-9513-f563a82d556e_MALDI1_raw.txt"


16
/links/groups/borgwardt/Data/ms_diagnostics/USB/spectra_folder_for_IDRES/2018/2018_m1/00d18087-11ee-4d44-9f00-7b4d46d41bfb/8e95b0b1-9ab9-40fc-8b45-0872ea1ba547/0_B6/1/1SLin/fid
NULL
[1] "8e95b0b1-9ab9-40fc-8b45-0872ea1ba547"
[1] "/links/groups/borgwardt/Data/DRIAMS/DRIAMS-A/raw/20188e95b0b1-9ab9-40fc-8b45-0872ea1ba547_MALDI1_raw.txt"


17
/links/groups/borgwardt/Data/ms_diagnostics/USB/spectra_folder_for_IDRES/2018/2018_m1/00d18087-11ee-4d44-9f00-7b4d46d41bfb/8f63b992-329e-430d-85ac-041d59513bcc/0_B11/1/1SLin/fid
NULL
[1] "8f63b992-329e-430d-85ac-041d59513bcc"
[1] "/links/groups/borgwardt/Data/DRIAMS/DRIAMS-A/raw/20188f63b992-329e-430d-85ac-041d59513bcc_MALDI1_raw.txt"


18
/links/groups/borgwardt/Data/ms_diagnostics/USB/spectra_folder_for_IDRES/2018/2018_m1/00d18087-11ee-4d44-9f00-7b4d46d41bfb/a40f0890-978d-48a4-80aa-6aa628c46317/0_B1/1/1SLin/fid
NULL
[1] "a40f0890-978d-48a4-80aa-6aa628c46317"
[1] "/links/groups/borgwardt/Data/DRIAMS/DRIAMS-A/raw/2018a40f0890-978d-48a4-80aa-6aa628c46317_MALDI1_raw.txt"


19
/links/groups/borgwardt/Data/ms_diagnostics/USB/spectra_folder_for_IDRES/2018/2018_m1/00d18087-11ee-4d44-9f00-7b4d46d41bfb/c051f666-041c-48b3-afe0-b969b5673983/0_B5/1/1SLin/fid
NULL
[1] "c051f666-041c-48b3-afe0-b969b5673983"
[1] "/links/groups/borgwardt/Data/DRIAMS/DRIAMS-A/raw/2018c051f666-041c-48b3-afe0-b969b5673983_MALDI1_raw.txt"


20
/links/groups/borgwardt/Data/ms_diagnostics/USB/spectra_folder_for_IDRES/2018/2018_m1/00d18087-11ee-4d44-9f00-7b4d46d41bfb/c4059d88-8363-4eb1-a828-680a6d703061/0_A11/1/1SLin/fid
NULL
[1] "c4059d88-8363-4eb1-a828-680a6d703061"
[1] "/links/groups/borgwardt/Data/DRIAMS/DRIAMS-A/raw/2018c4059d88-8363-4eb1-a828-680a6d703061_MALDI1_raw.txt"


21
/links/groups/borgwardt/Data/ms_diagnostics/USB/spectra_folder_for_IDRES/2018/2018_m1/00d18087-11ee-4d44-9f00-7b4d46d41bfb/cee401f0-9206-465d-9e52-e8e29ea611a8/0_B10/1/1SLin/fid
NULL
[1] "cee401f0-9206-465d-9e52-e8e29ea611a8"
[1] "/links/groups/borgwardt/Data/DRIAMS/DRIAMS-A/raw/2018cee401f0-9206-465d-9e52-e8e29ea611a8_MALDI1_raw.txt"


22
/links/groups/borgwardt/Data/ms_diagnostics/USB/spectra_folder_for_IDRES/2018/2018_m1/013474a4-345e-4b9d-9877-5bc7081b7546/46939ee4-7399-47e7-9c45-90b83dc135e2/0_D7/1/1SLin/fid
NULL
[1] "46939ee4-7399-47e7-9c45-90b83dc135e2"
[1] "/links/groups/borgwardt/Data/DRIAMS/DRIAMS-A/raw/201846939ee4-7399-47e7-9c45-90b83dc135e2_MALDI1_raw.txt"


23
/links/groups/borgwardt/Data/ms_diagnostics/USB/spectra_folder_for_IDRES/2018/2018_m1/013474a4-345e-4b9d-9877-5bc7081b7546/d99ea513-7c23-4118-9a0f-7fe976820dcf/0_E9/1/1SLin/fid
NULL
[1] "d99ea513-7c23-4118-9a0f-7fe976820dcf"
[1] "/links/groups/borgwardt/Data/DRIAMS/DRIAMS-A/raw/2018d99ea513-7c23-4118-9a0f-7fe976820dcf_MALDI1_raw.txt"


24
/links/groups/borgwardt/Data/ms_diagnostics/USB/spectra_folder_for_IDRES/2018/2018_m1/013474a4-345e-4b9d-9877-5bc7081b7546/e9f93c65-017a-4637-9de7-1628831529b0/0_E6/1/1SLin/fid
NULL
[1] "e9f93c65-017a-4637-9de7-1628831529b0"
[1] "/links/groups/borgwardt/Data/DRIAMS/DRIAMS-A/raw/2018e9f93c65-017a-4637-9de7-1628831529b0_MALDI1_raw.txt"


25
/links/groups/borgwardt/Data/ms_diagnostics/USB/spectra_folder_for_IDRES/2018/2018_m1/017772f3-59b2-4f1d-b28b-2e703f868e2e/464feed0-1f77-47da-820e-a39a69c8a399/0_G10/1/1SLin/fid
NULL
[1] "464feed0-1f77-47da-820e-a39a69c8a399"
[1] "/links/groups/borgwardt/Data/DRIAMS/DRIAMS-A/raw/2018464feed0-1f77-47da-820e-a39a69c8a399_MALDI1_raw.txt"


26
/links/groups/borgwardt/Data/ms_diagnostics/USB/spectra_folder_for_IDRES/2018/2018_m1/017772f3-59b2-4f1d-b28b-2e703f868e2e/d407b015-4f16-4498-bfbb-da505b546bb9/0_G11/1/1SLin/fid
NULL
[1] "d407b015-4f16-4498-bfbb-da505b546bb9"
[1] "/links/groups/borgwardt/Data/DRIAMS/DRIAMS-A/raw/2018d407b015-4f16-4498-bfbb-da505b546bb9_MALDI1_raw.txt"


27
/links/groups/borgwardt/Data/ms_diagnostics/USB/spectra_folder_for_IDRES/2018/2018_m1/017f2965-ef0e-4265-81f0-006c43bceeac/5541883d-4d22-4c5e-93c0-f32f96c1b336/0_A12/1/1SLin/fid
NULL
[1] "5541883d-4d22-4c5e-93c0-f32f96c1b336"
[1] "/links/groups/borgwardt/Data/DRIAMS/DRIAMS-A/raw/20185541883d-4d22-4c5e-93c0-f32f96c1b336_MALDI1_raw.txt"


28
/links/groups/borgwardt/Data/ms_diagnostics/USB/spectra_folder_for_IDRES/2018/2018_m1/0189e2d8-8ce5-4fb5-8b9a-57597c865a0d/17dee684-5846-4c3d-beec-953be3183674/0_G5/1/1SLin/fid
NULL
[1] "17dee684-5846-4c3d-beec-953be3183674"
[1] "/links/groups/borgwardt/Data/DRIAMS/DRIAMS-A/raw/201817dee684-5846-4c3d-beec-953be3183674_MALDI1_raw.txt"


29
/links/groups/borgwardt/Data/ms_diagnostics/USB/spectra_folder_for_IDRES/2018/2018_m1/0189e2d8-8ce5-4fb5-8b9a-57597c865a0d/aec8f626-40f5-406a-8185-be02399ea470/0_G4/1/1SLin/fid
NULL
[1] "aec8f626-40f5-406a-8185-be02399ea470"
